mode: set
github.com/astra-go/astra/binding/binding.go:39.66,41.2 1 1
github.com/astra-go/astra/binding/binding.go:44.64,46.2 1 1
github.com/astra-go/astra/binding/binding.go:49.78,51.2 1 1
github.com/astra-go/astra/binding/binding.go:54.66,56.2 1 1
github.com/astra-go/astra/binding/binding.go:59.49,61.2 1 1
github.com/astra-go/astra/binding/body.go:25.33,26.15 1 1
github.com/astra-go/astra/binding/body.go:26.15,29.3 2 1
github.com/astra-go/astra/binding/body.go:30.2,30.20 1 1
github.com/astra-go/astra/binding/body.go:47.44,47.76 1 1
github.com/astra-go/astra/binding/body.go:52.49,52.77 1 1
github.com/astra-go/astra/binding/body.go:58.59,59.19 1 1
github.com/astra-go/astra/binding/body.go:59.19,61.3 1 0
github.com/astra-go/astra/binding/body.go:63.2,73.16 8 1
github.com/astra-go/astra/binding/body.go:73.16,76.3 2 0
github.com/astra-go/astra/binding/body.go:80.2,82.16 3 1
github.com/astra-go/astra/binding/body.go:82.16,84.3 1 1
github.com/astra-go/astra/binding/body.go:85.2,85.12 1 1
github.com/astra-go/astra/binding/body.go:92.58,93.19 1 1
github.com/astra-go/astra/binding/body.go:93.19,95.3 1 0
github.com/astra-go/astra/binding/body.go:96.2,97.60 2 1
github.com/astra-go/astra/binding/body.go:97.60,99.3 1 1
github.com/astra-go/astra/binding/body.go:100.2,100.12 1 1
github.com/astra-go/astra/binding/body.go:107.59,109.50 2 1
github.com/astra-go/astra/binding/body.go:109.50,110.56 1 1
github.com/astra-go/astra/binding/body.go:110.56,112.4 1 1
github.com/astra-go/astra/binding/body.go:113.3,113.55 1 0
github.com/astra-go/astra/binding/body.go:115.2,115.38 1 1
github.com/astra-go/astra/binding/body.go:115.38,117.3 1 0
github.com/astra-go/astra/binding/body.go:118.2,118.39 1 1
github.com/astra-go/astra/binding/body.go:124.75,125.55 1 0
github.com/astra-go/astra/binding/body.go:125.55,127.3 1 0
github.com/astra-go/astra/binding/body.go:128.2,129.16 2 0
github.com/astra-go/astra/binding/body.go:134.42,136.23 2 1
github.com/astra-go/astra/binding/body.go:136.23,137.27 1 1
github.com/astra-go/astra/binding/body.go:137.27,139.4 1 1
github.com/astra-go/astra/binding/body.go:141.2,141.11 1 1
github.com/astra-go/astra/binding/params.go:17.47,19.2 1 1
github.com/astra-go/astra/binding/params.go:24.50,26.2 1 1
github.com/astra-go/astra/binding/params.go:35.46,37.27 2 1
github.com/astra-go/astra/binding/params.go:37.27,39.3 1 1
github.com/astra-go/astra/binding/params.go:40.2,40.38 1 1
github.com/astra-go/astra/binding/params.go:53.66,55.44 2 1
github.com/astra-go/astra/binding/params.go:55.44,57.3 1 1
github.com/astra-go/astra/binding/params.go:58.2,59.33 2 1
github.com/astra-go/astra/binding/params.go:59.33,61.3 1 1
github.com/astra-go/astra/binding/params.go:62.2,62.45 1 1
github.com/astra-go/astra/binding/params.go:65.81,67.37 2 1
github.com/astra-go/astra/binding/params.go:67.37,71.19 3 1
github.com/astra-go/astra/binding/params.go:71.19,72.12 1 0
github.com/astra-go/astra/binding/params.go:76.3,76.53 1 1
github.com/astra-go/astra/binding/params.go:76.53,77.63 1 0
github.com/astra-go/astra/binding/params.go:77.63,79.5 1 0
github.com/astra-go/astra/binding/params.go:80.4,80.12 1 0
github.com/astra-go/astra/binding/params.go:83.3,84.30 2 1
github.com/astra-go/astra/binding/params.go:84.30,85.12 1 0
github.com/astra-go/astra/binding/params.go:88.3,89.28 2 1
github.com/astra-go/astra/binding/params.go:89.28,90.12 1 1
github.com/astra-go/astra/binding/params.go:93.3,93.61 1 1
github.com/astra-go/astra/binding/params.go:93.61,95.4 1 1
github.com/astra-go/astra/binding/params.go:97.2,97.12 1 1
github.com/astra-go/astra/binding/params.go:105.69,107.75 1 1
github.com/astra-go/astra/binding/params.go:107.75,108.26 1 1
github.com/astra-go/astra/binding/params.go:108.26,110.4 1 1
github.com/astra-go/astra/binding/params.go:111.3,111.14 1 1
github.com/astra-go/astra/binding/params.go:114.2,114.17 1 1
github.com/astra-go/astra/binding/params.go:115.15,116.75 1 1
github.com/astra-go/astra/binding/params.go:116.75,118.4 1 1
github.com/astra-go/astra/binding/params.go:119.16,120.12 1 0
github.com/astra-go/astra/binding/params.go:122.2,122.36 1 0
github.com/astra-go/astra/binding/params.go:146.29,148.2 1 1
github.com/astra-go/astra/binding/params.go:151.28,153.2 1 1
github.com/astra-go/astra/binding/params.go:155.76,157.30 1 1
github.com/astra-go/astra/binding/params.go:157.30,158.20 1 1
github.com/astra-go/astra/binding/params.go:158.20,160.4 1 1
github.com/astra-go/astra/binding/params.go:161.3,162.71 2 1
github.com/astra-go/astra/binding/params.go:162.71,164.4 1 0
github.com/astra-go/astra/binding/params.go:165.3,166.13 2 1
github.com/astra-go/astra/binding/params.go:169.2,171.19 2 1
github.com/astra-go/astra/binding/params.go:172.22,173.50 1 1
github.com/astra-go/astra/binding/params.go:173.50,175.4 1 1
github.com/astra-go/astra/binding/params.go:176.3,176.20 1 1
github.com/astra-go/astra/binding/params.go:178.20,180.17 2 1
github.com/astra-go/astra/binding/params.go:180.17,182.4 1 1
github.com/astra-go/astra/binding/params.go:183.3,183.16 1 1
github.com/astra-go/astra/binding/params.go:185.78,187.17 2 1
github.com/astra-go/astra/binding/params.go:187.17,189.4 1 1
github.com/astra-go/astra/binding/params.go:190.3,190.15 1 1
github.com/astra-go/astra/binding/params.go:192.83,194.17 2 1
github.com/astra-go/astra/binding/params.go:194.17,196.4 1 1
github.com/astra-go/astra/binding/params.go:197.3,197.16 1 1
github.com/astra-go/astra/binding/params.go:199.40,201.17 2 1
github.com/astra-go/astra/binding/params.go:201.17,203.4 1 1
github.com/astra-go/astra/binding/params.go:204.3,204.17 1 1
github.com/astra-go/astra/binding/params.go:206.21,207.37 1 1
github.com/astra-go/astra/binding/params.go:209.10,209.10 0 0
github.com/astra-go/astra/binding/params.go:212.2,212.12 1 1
github.com/astra-go/astra/binding/params.go:215.76,216.32 1 1
github.com/astra-go/astra/binding/params.go:216.32,218.3 1 1
github.com/astra-go/astra/binding/params.go:219.2,221.25 3 1
github.com/astra-go/astra/binding/params.go:221.25,223.19 2 1
github.com/astra-go/astra/binding/params.go:224.23,225.49 1 1
github.com/astra-go/astra/binding/params.go:225.49,227.5 1 1
github.com/astra-go/astra/binding/params.go:228.4,228.21 1 1
github.com/astra-go/astra/binding/params.go:229.79,231.18 2 0
github.com/astra-go/astra/binding/params.go:231.18,233.5 1 0
github.com/astra-go/astra/binding/params.go:234.4,234.18 1 0
github.com/astra-go/astra/binding/params.go:235.84,237.18 2 0
github.com/astra-go/astra/binding/params.go:237.18,239.5 1 0
github.com/astra-go/astra/binding/params.go:240.4,240.19 1 0
github.com/astra-go/astra/binding/params.go:241.11,241.11 0 0
github.com/astra-go/astra/binding/params.go:245.2,246.12 2 1
github.com/astra-go/astra/binding/validate.go:32.13,34.2 1 1
github.com/astra-go/astra/binding/validate.go:36.48,41.61 2 1
github.com/astra-go/astra/binding/validate.go:41.61,42.64 1 1
github.com/astra-go/astra/binding/validate.go:42.64,43.86 1 1
github.com/astra-go/astra/binding/validate.go:43.86,45.5 1 1
github.com/astra-go/astra/binding/validate.go:47.3,47.18 1 1
github.com/astra-go/astra/binding/validate.go:50.2,50.10 1 1
github.com/astra-go/astra/binding/validate.go:59.49,61.2 1 1
github.com/astra-go/astra/binding/validate.go:66.48,68.2 1 1
github.com/astra-go/astra/binding/validate.go:72.30,73.63 1 1
github.com/astra-go/astra/binding/validate.go:73.63,75.28 2 1
github.com/astra-go/astra/binding/validate.go:75.28,77.28 2 1
github.com/astra-go/astra/binding/validate.go:77.28,82.5 1 1
github.com/astra-go/astra/binding/validate.go:83.4,83.14 1 1
github.com/astra-go/astra/binding/validate.go:85.3,85.13 1 0
github.com/astra-go/astra/binding/validate.go:87.2,87.12 1 1
github.com/astra-go/astra/binding/validate.go:91.56,93.18 2 1
github.com/astra-go/astra/binding/validate.go:94.18,95.34 1 1
github.com/astra-go/astra/binding/validate.go:96.58,97.34 1 0
github.com/astra-go/astra/binding/validate.go:98.15,99.41 1 1
github.com/astra-go/astra/binding/validate.go:100.20,101.31 1 1
github.com/astra-go/astra/binding/validate.go:102.41,103.32 1 1
github.com/astra-go/astra/binding/validate.go:104.13,105.64 1 1
github.com/astra-go/astra/binding/validate.go:105.64,107.4 1 1
github.com/astra-go/astra/binding/validate.go:108.3,108.47 1 0
github.com/astra-go/astra/binding/validate.go:109.13,110.64 1 1
github.com/astra-go/astra/binding/validate.go:110.64,112.4 1 1
github.com/astra-go/astra/binding/validate.go:113.3,113.46 1 0
github.com/astra-go/astra/binding/validate.go:114.13,115.62 1 0
github.com/astra-go/astra/binding/validate.go:116.12,117.41 1 0
github.com/astra-go/astra/binding/validate.go:118.12,119.45 1 0
github.com/astra-go/astra/binding/validate.go:120.12,121.51 1 1
github.com/astra-go/astra/binding/validate.go:122.13,123.63 1 1
github.com/astra-go/astra/binding/validate.go:124.12,125.48 1 1
github.com/astra-go/astra/binding/validate.go:126.13,127.60 1 1
github.com/astra-go/astra/binding/validate.go:128.15,129.46 1 1
github.com/astra-go/astra/binding/validate.go:130.15,131.51 1 1
github.com/astra-go/astra/binding/validate.go:132.18,133.53 1 1
github.com/astra-go/astra/binding/validate.go:134.17,135.35 1 1
github.com/astra-go/astra/binding/validate.go:136.14,137.46 1 0
github.com/astra-go/astra/binding/validate.go:138.28,139.38 1 0
github.com/astra-go/astra/binding/validate.go:140.10,141.56 1 0
github.com/astra-go/astra/cmd/astractl/internal/cli/error.go:16.35,16.51 1 0
github.com/astra-go/astra/cmd/astractl/internal/cli/error.go:19.51,21.2 1 0
github.com/astra-go/astra/cmd/astractl/internal/cli/error.go:26.28,28.25 2 0
github.com/astra-go/astra/cmd/astractl/internal/cli/error.go:28.25,30.20 2 0
github.com/astra-go/astra/cmd/astractl/internal/cli/error.go:30.20,32.4 1 0
github.com/astra-go/astra/cmd/astractl/internal/cli/error.go:33.3,33.23 1 0
github.com/astra-go/astra/cmd/astractl/internal/cli/error.go:33.23,35.4 1 0
github.com/astra-go/astra/cmd/astractl/internal/cli/error.go:36.8,38.3 1 0
github.com/astra-go/astra/cmd/astractl/internal/cli/error.go:39.2,39.10 1 0
github.com/astra-go/astra/cmd/astractl/internal/fsutil/write.go:15.94,17.16 2 0
github.com/astra-go/astra/cmd/astractl/internal/fsutil/write.go:17.16,19.3 1 0
github.com/astra-go/astra/cmd/astractl/internal/fsutil/write.go:20.2,20.12 1 0
github.com/astra-go/astra/cmd/astractl/internal/fsutil/write.go:20.12,21.42 1 0
github.com/astra-go/astra/cmd/astractl/internal/fsutil/write.go:21.42,27.4 1 0
github.com/astra-go/astra/cmd/astractl/internal/fsutil/write.go:29.2,30.16 2 0
github.com/astra-go/astra/cmd/astractl/internal/fsutil/write.go:30.16,35.3 1 0
github.com/astra-go/astra/cmd/astractl/internal/fsutil/write.go:36.2,37.45 2 0
github.com/astra-go/astra/cmd/astractl/internal/fsutil/write.go:37.45,39.3 1 0
github.com/astra-go/astra/cmd/astractl/internal/fsutil/write.go:40.2,40.12 1 0
github.com/astra-go/astra/cmd/astractl/internal/fsutil/write.go:44.63,46.16 2 0
github.com/astra-go/astra/cmd/astractl/internal/fsutil/write.go:46.16,48.3 1 0
github.com/astra-go/astra/cmd/astractl/internal/fsutil/write.go:49.2,49.12 1 0
github.com/astra-go/astra/cmd/astractl/internal/fsutil/write.go:49.12,50.42 1 0
github.com/astra-go/astra/cmd/astractl/internal/fsutil/write.go:50.42,56.4 1 0
github.com/astra-go/astra/cmd/astractl/internal/fsutil/write.go:58.2,58.62 1 0
github.com/astra-go/astra/cmd/astractl/internal/fsutil/write.go:58.62,63.3 1 0
github.com/astra-go/astra/cmd/astractl/internal/fsutil/write.go:64.2,64.12 1 0
github.com/astra-go/astra/cmd/astractl/internal/fsutil/write.go:67.56,68.15 1 0
github.com/astra-go/astra/cmd/astractl/internal/fsutil/write.go:68.15,70.3 1 0
github.com/astra-go/astra/cmd/astractl/internal/fsutil/write.go:71.2,71.47 1 0
github.com/astra-go/astra/cmd/astractl/internal/fsutil/write.go:71.47,73.3 1 0
github.com/astra-go/astra/cmd/astractl/internal/fsutil/write.go:74.2,75.16 2 0
github.com/astra-go/astra/cmd/astractl/internal/fsutil/write.go:75.16,77.3 1 0
github.com/astra-go/astra/cmd/astractl/internal/fsutil/write.go:78.2,80.65 2 0
github.com/astra-go/astra/cmd/astractl/internal/fsutil/write.go:80.65,85.3 1 0
github.com/astra-go/astra/cmd/astractl/internal/fsutil/write.go:86.2,86.18 1 0
github.com/astra-go/astra/cmd/astractl/internal/fsutil/write.go:89.37,91.2 1 0
github.com/astra-go/astra/cmd/astractl/internal/doctor/doctor.go:28.30,37.2 1 0
github.com/astra-go/astra/cmd/astractl/internal/doctor/doctor.go:40.28,41.27 1 0
github.com/astra-go/astra/cmd/astractl/internal/doctor/doctor.go:41.27,43.29 2 0
github.com/astra-go/astra/cmd/astractl/internal/doctor/doctor.go:43.29,45.4 1 0
github.com/astra-go/astra/cmd/astractl/internal/doctor/doctor.go:45.9,45.36 1 0
github.com/astra-go/astra/cmd/astractl/internal/doctor/doctor.go:45.36,47.4 1 0
github.com/astra-go/astra/cmd/astractl/internal/doctor/doctor.go:48.3,49.43 2 0
github.com/astra-go/astra/cmd/astractl/internal/doctor/doctor.go:49.43,51.4 1 0
github.com/astra-go/astra/cmd/astractl/internal/doctor/doctor.go:56.39,57.27 1 0
github.com/astra-go/astra/cmd/astractl/internal/doctor/doctor.go:57.27,58.29 1 0
github.com/astra-go/astra/cmd/astractl/internal/doctor/doctor.go:58.29,60.4 1 0
github.com/astra-go/astra/cmd/astractl/internal/doctor/doctor.go:62.2,62.14 1 0
github.com/astra-go/astra/cmd/astractl/internal/doctor/doctor.go:67.38,70.16 3 0
github.com/astra-go/astra/cmd/astractl/internal/doctor/doctor.go:70.16,77.3 1 0
github.com/astra-go/astra/cmd/astractl/internal/doctor/doctor.go:78.2,79.18 2 0
github.com/astra-go/astra/cmd/astractl/internal/doctor/doctor.go:79.18,85.3 1 0
github.com/astra-go/astra/cmd/astractl/internal/doctor/doctor.go:86.2,86.67 1 0
github.com/astra-go/astra/cmd/astractl/internal/doctor/doctor.go:89.41,92.16 3 0
github.com/astra-go/astra/cmd/astractl/internal/doctor/doctor.go:92.16,94.3 1 0
github.com/astra-go/astra/cmd/astractl/internal/doctor/doctor.go:95.2,95.13 1 0
github.com/astra-go/astra/cmd/astractl/internal/doctor/doctor.go:98.43,110.9 5 0
github.com/astra-go/astra/cmd/astractl/internal/doctor/doctor.go:111.38,116.4 1 0
github.com/astra-go/astra/cmd/astractl/internal/doctor/doctor.go:117.21,122.4 1 0
github.com/astra-go/astra/cmd/astractl/internal/doctor/doctor.go:123.23,130.4 2 0
github.com/astra-go/astra/cmd/astractl/internal/doctor/doctor.go:131.10,137.4 1 0
github.com/astra-go/astra/cmd/astractl/internal/doctor/doctor.go:141.52,143.25 2 0
github.com/astra-go/astra/cmd/astractl/internal/doctor/doctor.go:143.25,144.60 1 0
github.com/astra-go/astra/cmd/astractl/internal/doctor/doctor.go:144.60,146.4 1 0
github.com/astra-go/astra/cmd/astractl/internal/doctor/doctor.go:148.2,148.10 1 0
github.com/astra-go/astra/cmd/astractl/internal/doctor/doctor.go:151.55,153.25 2 0
github.com/astra-go/astra/cmd/astractl/internal/doctor/doctor.go:153.25,154.60 1 0
github.com/astra-go/astra/cmd/astractl/internal/doctor/doctor.go:154.60,156.4 1 0
github.com/astra-go/astra/cmd/astractl/internal/doctor/doctor.go:158.2,158.16 1 0
github.com/astra-go/astra/cmd/astractl/internal/doctor/doctor.go:161.37,163.16 2 0
github.com/astra-go/astra/cmd/astractl/internal/doctor/doctor.go:163.16,169.3 1 0
github.com/astra-go/astra/cmd/astractl/internal/doctor/doctor.go:170.2,170.12 1 0
github.com/astra-go/astra/cmd/astractl/internal/doctor/doctor.go:170.12,177.3 1 0
github.com/astra-go/astra/cmd/astractl/internal/doctor/doctor.go:178.2,178.92 1 0
github.com/astra-go/astra/cmd/astractl/internal/doctor/doctor.go:181.40,183.37 2 0
github.com/astra-go/astra/cmd/astractl/internal/doctor/doctor.go:183.37,190.3 1 0
github.com/astra-go/astra/cmd/astractl/internal/doctor/doctor.go:191.2,192.28 2 0
github.com/astra-go/astra/cmd/astractl/internal/doctor/doctor.go:192.28,194.3 1 0
github.com/astra-go/astra/cmd/astractl/internal/doctor/doctor.go:195.2,199.3 1 0
github.com/astra-go/astra/cmd/astractl/internal/doctor/doctor.go:202.42,207.31 2 0
github.com/astra-go/astra/cmd/astractl/internal/doctor/doctor.go:207.31,208.59 1 0
github.com/astra-go/astra/cmd/astractl/internal/doctor/doctor.go:208.59,210.4 1 0
github.com/astra-go/astra/cmd/astractl/internal/doctor/doctor.go:212.2,217.3 1 0
github.com/astra-go/astra/cmd/astractl/internal/doctor/doctor.go:220.38,222.16 2 0
github.com/astra-go/astra/cmd/astractl/internal/doctor/doctor.go:222.16,229.3 1 0
github.com/astra-go/astra/cmd/astractl/internal/doctor/doctor.go:230.2,232.40 3 0
github.com/astra-go/astra/cmd/astractl/internal/doctor/doctor.go:232.40,239.3 1 0
github.com/astra-go/astra/cmd/astractl/internal/doctor/doctor.go:240.2,240.67 1 0
github.com/astra-go/astra/cmd/astractl/internal/doctor/doctor.go:244.56,246.16 2 0
github.com/astra-go/astra/cmd/astractl/internal/doctor/doctor.go:246.16,248.3 1 0
github.com/astra-go/astra/cmd/astractl/internal/doctor/doctor.go:249.2,250.81 2 0
github.com/astra-go/astra/cmd/astractl/internal/doctor/doctor.go:250.81,251.26 1 0
github.com/astra-go/astra/cmd/astractl/internal/doctor/doctor.go:251.26,253.4 1 0
github.com/astra-go/astra/cmd/astractl/internal/doctor/doctor.go:254.3,254.16 1 0
github.com/astra-go/astra/cmd/astractl/internal/doctor/doctor.go:254.16,255.64 1 0
github.com/astra-go/astra/cmd/astractl/internal/doctor/doctor.go:255.64,257.5 1 0
github.com/astra-go/astra/cmd/astractl/internal/doctor/doctor.go:258.4,258.14 1 0
github.com/astra-go/astra/cmd/astractl/internal/doctor/doctor.go:260.3,260.38 1 0
github.com/astra-go/astra/cmd/astractl/internal/doctor/doctor.go:260.38,262.4 1 0
github.com/astra-go/astra/cmd/astractl/internal/doctor/doctor.go:263.3,264.17 2 0
github.com/astra-go/astra/cmd/astractl/internal/doctor/doctor.go:264.17,266.4 1 0
github.com/astra-go/astra/cmd/astractl/internal/doctor/doctor.go:267.3,269.22 3 0
github.com/astra-go/astra/cmd/astractl/internal/doctor/doctor.go:269.22,270.38 1 0
github.com/astra-go/astra/cmd/astractl/internal/doctor/doctor.go:270.38,273.5 2 0
github.com/astra-go/astra/cmd/astractl/internal/doctor/doctor.go:275.3,275.13 1 0
github.com/astra-go/astra/cmd/astractl/internal/doctor/doctor.go:277.2,277.19 1 0
github.com/astra-go/astra/cmd/astractl/internal/gen/container/container.go:13.31,17.39 4 0
github.com/astra-go/astra/cmd/astractl/internal/gen/container/container.go:17.39,22.3 1 0
github.com/astra-go/astra/cmd/astractl/internal/gen/container/container.go:24.2,24.111 1 0
github.com/astra-go/astra/cmd/astractl/internal/gen/container/container.go:24.111,26.3 1 0
github.com/astra-go/astra/cmd/astractl/internal/gen/container/container.go:27.2,30.12 4 0
github.com/astra-go/astra/cmd/astractl/internal/gen/env/env.go:17.31,25.39 8 0
github.com/astra-go/astra/cmd/astractl/internal/gen/env/env.go:25.39,27.3 1 0
github.com/astra-go/astra/cmd/astractl/internal/gen/env/env.go:29.2,29.14 1 0
github.com/astra-go/astra/cmd/astractl/internal/gen/env/env.go:30.44,30.44 0 0
github.com/astra-go/astra/cmd/astractl/internal/gen/env/env.go:31.10,36.4 1 0
github.com/astra-go/astra/cmd/astractl/internal/gen/env/env.go:39.2,42.48 2 0
github.com/astra-go/astra/cmd/astractl/internal/gen/env/env.go:42.48,45.3 2 0
github.com/astra-go/astra/cmd/astractl/internal/gen/env/env.go:47.2,50.103 2 0
github.com/astra-go/astra/cmd/astractl/internal/gen/env/env.go:50.103,52.3 1 0
github.com/astra-go/astra/cmd/astractl/internal/gen/env/env.go:53.2,56.14 2 0
github.com/astra-go/astra/cmd/astractl/internal/gen/env/env.go:57.26,59.50 2 0
github.com/astra-go/astra/cmd/astractl/internal/gen/env/env.go:59.50,61.4 1 0
github.com/astra-go/astra/cmd/astractl/internal/gen/env/env.go:62.3,62.132 1 0
github.com/astra-go/astra/cmd/astractl/internal/gen/env/env.go:62.132,64.4 1 0
github.com/astra-go/astra/cmd/astractl/internal/gen/env/env.go:65.3,66.128 2 0
github.com/astra-go/astra/cmd/astractl/internal/gen/env/env.go:66.128,68.4 1 0
github.com/astra-go/astra/cmd/astractl/internal/gen/env/env.go:69.3,70.136 2 0
github.com/astra-go/astra/cmd/astractl/internal/gen/env/env.go:70.136,72.4 1 0
github.com/astra-go/astra/cmd/astractl/internal/gen/env/env.go:73.3,73.55 1 0
github.com/astra-go/astra/cmd/astractl/internal/gen/env/env.go:75.16,77.52 2 0
github.com/astra-go/astra/cmd/astractl/internal/gen/env/env.go:77.52,79.4 1 0
github.com/astra-go/astra/cmd/astractl/internal/gen/env/env.go:80.3,81.93 2 0
github.com/astra-go/astra/cmd/astractl/internal/gen/env/env.go:85.2,85.11 1 0
github.com/astra-go/astra/cmd/astractl/internal/gen/env/env.go:85.11,86.100 1 0
github.com/astra-go/astra/cmd/astractl/internal/gen/env/env.go:86.100,88.4 1 0
github.com/astra-go/astra/cmd/astractl/internal/gen/env/env.go:89.3,89.45 1 0
github.com/astra-go/astra/cmd/astractl/internal/gen/env/env.go:93.2,93.19 1 0
github.com/astra-go/astra/cmd/astractl/internal/gen/env/env.go:93.19,95.50 2 0
github.com/astra-go/astra/cmd/astractl/internal/gen/env/env.go:95.50,97.4 1 0
github.com/astra-go/astra/cmd/astractl/internal/gen/env/env.go:98.3,98.140 1 0
github.com/astra-go/astra/cmd/astractl/internal/gen/env/env.go:98.140,100.4 1 0
github.com/astra-go/astra/cmd/astractl/internal/gen/env/env.go:101.3,101.63 1 0
github.com/astra-go/astra/cmd/astractl/internal/gen/env/env.go:105.2,105.12 1 0
github.com/astra-go/astra/cmd/astractl/internal/gen/env/env.go:105.12,107.53 2 0
github.com/astra-go/astra/cmd/astractl/internal/gen/env/env.go:107.53,109.4 1 0
github.com/astra-go/astra/cmd/astractl/internal/gen/env/env.go:110.3,111.133 2 0
github.com/astra-go/astra/cmd/astractl/internal/gen/env/env.go:111.133,113.4 1 0
github.com/astra-go/astra/cmd/astractl/internal/gen/env/env.go:114.3,114.50 1 0
github.com/astra-go/astra/cmd/astractl/internal/gen/env/env.go:114.50,116.4 1 0
github.com/astra-go/astra/cmd/astractl/internal/gen/env/env.go:117.3,120.55 3 0
github.com/astra-go/astra/cmd/astractl/internal/gen/env/env.go:120.55,122.4 1 0
github.com/astra-go/astra/cmd/astractl/internal/gen/env/env.go:123.3,124.116 2 0
github.com/astra-go/astra/cmd/astractl/internal/gen/env/env.go:124.116,126.4 1 0
github.com/astra-go/astra/cmd/astractl/internal/gen/env/env.go:127.3,128.55 2 0
github.com/astra-go/astra/cmd/astractl/internal/gen/env/env.go:128.55,130.4 1 0
github.com/astra-go/astra/cmd/astractl/internal/gen/env/env.go:131.3,131.56 1 0
github.com/astra-go/astra/cmd/astractl/internal/gen/env/env.go:134.2,135.28 2 0
github.com/astra-go/astra/cmd/astractl/internal/gen/env/env.go:135.28,137.3 1 0
github.com/astra-go/astra/cmd/astractl/internal/gen/env/env.go:138.2,138.12 1 0
github.com/astra-go/astra/cmd/astractl/internal/gen/crud/crud.go:15.31,16.55 1 0
github.com/astra-go/astra/cmd/astractl/internal/gen/crud/crud.go:16.55,21.3 1 0
github.com/astra-go/astra/cmd/astractl/internal/gen/crud/crud.go:22.2,24.51 2 0
github.com/astra-go/astra/cmd/astractl/internal/gen/crud/crud.go:24.51,30.3 1 0
github.com/astra-go/astra/cmd/astractl/internal/gen/crud/crud.go:32.2,36.43 5 0
github.com/astra-go/astra/cmd/astractl/internal/gen/crud/crud.go:36.43,41.3 1 0
github.com/astra-go/astra/cmd/astractl/internal/gen/crud/crud.go:43.2,54.18 9 0
github.com/astra-go/astra/cmd/astractl/internal/gen/crud/crud.go:54.18,56.3 1 0
github.com/astra-go/astra/cmd/astractl/internal/gen/crud/crud.go:58.2,58.117 1 0
github.com/astra-go/astra/cmd/astractl/internal/gen/crud/crud.go:58.117,60.3 1 0
github.com/astra-go/astra/cmd/astractl/internal/gen/crud/crud.go:61.2,61.120 1 0
github.com/astra-go/astra/cmd/astractl/internal/gen/crud/crud.go:61.120,63.3 1 0
github.com/astra-go/astra/cmd/astractl/internal/gen/crud/crud.go:64.2,64.122 1 0
github.com/astra-go/astra/cmd/astractl/internal/gen/crud/crud.go:64.122,66.3 1 0
github.com/astra-go/astra/cmd/astractl/internal/gen/crud/crud.go:68.2,73.18 5 0
github.com/astra-go/astra/cmd/astractl/internal/gen/crud/crud.go:73.18,76.129 3 0
github.com/astra-go/astra/cmd/astractl/internal/gen/crud/crud.go:76.129,78.4 1 0
github.com/astra-go/astra/cmd/astractl/internal/gen/crud/crud.go:79.3,79.63 1 0
github.com/astra-go/astra/cmd/astractl/internal/gen/crud/crud.go:81.2,81.12 1 0
github.com/astra-go/astra/cmd/astractl/main.go:61.13,63.20 2 0
github.com/astra-go/astra/cmd/astractl/main.go:63.20,66.3 2 0
github.com/astra-go/astra/cmd/astractl/main.go:69.2,72.17 3 0
github.com/astra-go/astra/cmd/astractl/main.go:73.13,74.25 1 0
github.com/astra-go/astra/cmd/astractl/main.go:75.25,76.25 1 0
github.com/astra-go/astra/cmd/astractl/main.go:77.17,78.29 1 0
github.com/astra-go/astra/cmd/astractl/main.go:79.14,80.26 1 0
github.com/astra-go/astra/cmd/astractl/main.go:81.16,82.28 1 0
github.com/astra-go/astra/cmd/astractl/main.go:83.36,84.47 1 0
github.com/astra-go/astra/cmd/astractl/main.go:85.30,86.14 1 0
github.com/astra-go/astra/cmd/astractl/main.go:87.10,90.13 3 0
github.com/astra-go/astra/cmd/astractl/main.go:93.2,93.16 1 0
github.com/astra-go/astra/cmd/astractl/main.go:93.16,95.3 1 0
github.com/astra-go/astra/cmd/astractl/main.go:100.34,101.20 1 0
github.com/astra-go/astra/cmd/astractl/main.go:101.20,106.3 1 0
github.com/astra-go/astra/cmd/astractl/main.go:107.2,108.13 2 0
github.com/astra-go/astra/cmd/astractl/main.go:109.17,110.30 1 0
github.com/astra-go/astra/cmd/astractl/main.go:111.15,112.28 1 0
github.com/astra-go/astra/cmd/astractl/main.go:113.20,114.33 1 0
github.com/astra-go/astra/cmd/astractl/main.go:115.14,116.27 1 0
github.com/astra-go/astra/cmd/astractl/main.go:117.14,118.27 1 0
github.com/astra-go/astra/cmd/astractl/main.go:119.17,120.30 1 0
github.com/astra-go/astra/cmd/astractl/main.go:121.14,122.27 1 0
github.com/astra-go/astra/cmd/astractl/main.go:123.19,124.32 1 0
github.com/astra-go/astra/cmd/astractl/main.go:125.16,126.29 1 0
github.com/astra-go/astra/cmd/astractl/main.go:127.14,128.27 1 0
github.com/astra-go/astra/cmd/astractl/main.go:129.15,130.28 1 0
github.com/astra-go/astra/cmd/astractl/main.go:131.17,132.30 1 0
github.com/astra-go/astra/cmd/astractl/main.go:133.16,134.29 1 0
github.com/astra-go/astra/cmd/astractl/main.go:135.10,139.4 1 0
github.com/astra-go/astra/cmd/astractl/main.go:145.34,146.55 1 0
github.com/astra-go/astra/cmd/astractl/main.go:146.55,151.3 1 0
github.com/astra-go/astra/cmd/astractl/main.go:152.2,153.100 2 0
github.com/astra-go/astra/cmd/astractl/main.go:153.100,159.3 1 0
github.com/astra-go/astra/cmd/astractl/main.go:161.2,165.43 5 0
github.com/astra-go/astra/cmd/astractl/main.go:165.43,170.3 1 0
github.com/astra-go/astra/cmd/astractl/main.go:171.2,171.23 1 0
github.com/astra-go/astra/cmd/astractl/main.go:171.23,173.3 1 0
github.com/astra-go/astra/cmd/astractl/main.go:174.2,174.52 1 0
github.com/astra-go/astra/cmd/astractl/main.go:174.52,180.3 1 0
github.com/astra-go/astra/cmd/astractl/main.go:181.2,181.44 1 0
github.com/astra-go/astra/cmd/astractl/main.go:181.44,186.3 1 0
github.com/astra-go/astra/cmd/astractl/main.go:187.2,187.45 1 0
github.com/astra-go/astra/cmd/astractl/main.go:187.45,193.3 1 0
github.com/astra-go/astra/cmd/astractl/main.go:195.2,202.31 4 0
github.com/astra-go/astra/cmd/astractl/main.go:202.31,203.46 1 0
github.com/astra-go/astra/cmd/astractl/main.go:203.46,205.4 1 0
github.com/astra-go/astra/cmd/astractl/main.go:209.2,210.16 1 0
github.com/astra-go/astra/cmd/astractl/main.go:210.16,212.4 1 0
github.com/astra-go/astra/cmd/astractl/main.go:213.16,215.4 1 0
github.com/astra-go/astra/cmd/astractl/main.go:216.16,218.4 1 0
github.com/astra-go/astra/cmd/astractl/main.go:219.16,221.4 1 0
github.com/astra-go/astra/cmd/astractl/main.go:222.16,224.4 1 0
github.com/astra-go/astra/cmd/astractl/main.go:225.16,227.4 1 0
github.com/astra-go/astra/cmd/astractl/main.go:228.16,230.4 1 0
github.com/astra-go/astra/cmd/astractl/main.go:232.2,232.33 1 0
github.com/astra-go/astra/cmd/astractl/main.go:232.33,233.29 1 0
github.com/astra-go/astra/cmd/astractl/main.go:233.29,235.4 1 0
github.com/astra-go/astra/cmd/astractl/main.go:238.2,238.33 1 0
github.com/astra-go/astra/cmd/astractl/main.go:238.33,246.28 2 0
github.com/astra-go/astra/cmd/astractl/main.go:246.28,247.47 1 0
github.com/astra-go/astra/cmd/astractl/main.go:247.47,249.5 1 0
github.com/astra-go/astra/cmd/astractl/main.go:251.3,251.128 1 0
github.com/astra-go/astra/cmd/astractl/main.go:251.128,253.4 1 0
github.com/astra-go/astra/cmd/astractl/main.go:254.3,254.137 1 0
github.com/astra-go/astra/cmd/astractl/main.go:254.137,256.4 1 0
github.com/astra-go/astra/cmd/astractl/main.go:257.3,263.73 7 0
github.com/astra-go/astra/cmd/astractl/main.go:264.8,264.29 1 0
github.com/astra-go/astra/cmd/astractl/main.go:264.29,273.29 2 0
github.com/astra-go/astra/cmd/astractl/main.go:273.29,274.47 1 0
github.com/astra-go/astra/cmd/astractl/main.go:274.47,276.5 1 0
github.com/astra-go/astra/cmd/astractl/main.go:278.3,278.128 1 0
github.com/astra-go/astra/cmd/astractl/main.go:278.128,280.4 1 0
github.com/astra-go/astra/cmd/astractl/main.go:281.3,281.133 1 0
github.com/astra-go/astra/cmd/astractl/main.go:281.133,283.4 1 0
github.com/astra-go/astra/cmd/astractl/main.go:284.3,284.169 1 0
github.com/astra-go/astra/cmd/astractl/main.go:284.169,286.4 1 0
github.com/astra-go/astra/cmd/astractl/main.go:287.3,293.73 7 0
github.com/astra-go/astra/cmd/astractl/main.go:294.8,301.32 2 0
github.com/astra-go/astra/cmd/astractl/main.go:301.32,302.47 1 0
github.com/astra-go/astra/cmd/astractl/main.go:302.47,304.5 1 0
github.com/astra-go/astra/cmd/astractl/main.go:306.3,306.108 1 0
github.com/astra-go/astra/cmd/astractl/main.go:306.108,308.4 1 0
github.com/astra-go/astra/cmd/astractl/main.go:309.3,309.112 1 0
github.com/astra-go/astra/cmd/astractl/main.go:309.112,311.4 1 0
github.com/astra-go/astra/cmd/astractl/main.go:312.3,318.73 7 0
github.com/astra-go/astra/cmd/astractl/main.go:320.2,320.12 1 0
github.com/astra-go/astra/cmd/astractl/main.go:325.38,326.20 1 0
github.com/astra-go/astra/cmd/astractl/main.go:326.20,331.3 1 0
github.com/astra-go/astra/cmd/astractl/main.go:332.2,332.17 1 0
github.com/astra-go/astra/cmd/astractl/main.go:333.16,335.20 2 0
github.com/astra-go/astra/cmd/astractl/main.go:335.20,337.4 1 0
github.com/astra-go/astra/cmd/astractl/main.go:338.3,338.32 1 0
github.com/astra-go/astra/cmd/astractl/main.go:339.12,340.27 1 0
github.com/astra-go/astra/cmd/astractl/main.go:341.14,342.29 1 0
github.com/astra-go/astra/cmd/astractl/main.go:343.16,344.31 1 0
github.com/astra-go/astra/cmd/astractl/main.go:345.10,349.4 1 0
github.com/astra-go/astra/cmd/astractl/main.go:351.2,351.12 1 0
github.com/astra-go/astra/cmd/astractl/main.go:354.42,355.16 1 0
github.com/astra-go/astra/cmd/astractl/main.go:355.16,360.3 1 0
github.com/astra-go/astra/cmd/astractl/main.go:361.2,365.49 4 0
github.com/astra-go/astra/cmd/astractl/main.go:365.49,371.3 1 0
github.com/astra-go/astra/cmd/astractl/main.go:373.2,373.56 1 0
github.com/astra-go/astra/cmd/astractl/main.go:373.56,375.3 1 0
github.com/astra-go/astra/cmd/astractl/main.go:377.2,383.86 3 0
github.com/astra-go/astra/cmd/astractl/main.go:383.86,385.3 1 0
github.com/astra-go/astra/cmd/astractl/main.go:386.2,389.12 4 0
github.com/astra-go/astra/cmd/astractl/main.go:392.40,432.2 1 0
github.com/astra-go/astra/cmd/astractl/main.go:436.37,439.39 3 0
github.com/astra-go/astra/cmd/astractl/main.go:439.39,444.3 1 0
github.com/astra-go/astra/cmd/astractl/main.go:445.2,447.32 3 0
github.com/astra-go/astra/cmd/astractl/main.go:447.32,449.3 1 0
github.com/astra-go/astra/cmd/astractl/main.go:450.2,450.12 1 0
github.com/astra-go/astra/cmd/astractl/main.go:458.35,461.39 3 0
github.com/astra-go/astra/cmd/astractl/main.go:461.39,466.3 1 0
github.com/astra-go/astra/cmd/astractl/main.go:467.2,468.16 2 0
github.com/astra-go/astra/cmd/astractl/main.go:468.16,473.3 1 0
github.com/astra-go/astra/cmd/astractl/main.go:475.2,476.16 2 0
github.com/astra-go/astra/cmd/astractl/main.go:476.16,481.3 1 0
github.com/astra-go/astra/cmd/astractl/main.go:484.2,485.30 2 0
github.com/astra-go/astra/cmd/astractl/main.go:485.30,487.17 2 0
github.com/astra-go/astra/cmd/astractl/main.go:487.17,489.4 1 0
github.com/astra-go/astra/cmd/astractl/main.go:490.3,490.66 1 0
github.com/astra-go/astra/cmd/astractl/main.go:490.66,491.12 1 0
github.com/astra-go/astra/cmd/astractl/main.go:493.3,493.50 1 0
github.com/astra-go/astra/cmd/astractl/main.go:496.2,496.12 1 0
github.com/astra-go/astra/cmd/astractl/main.go:496.12,498.3 1 0
github.com/astra-go/astra/cmd/astractl/main.go:500.2,501.25 2 0
github.com/astra-go/astra/cmd/astractl/main.go:501.25,504.17 3 0
github.com/astra-go/astra/cmd/astractl/main.go:504.17,506.4 1 0
github.com/astra-go/astra/cmd/astractl/main.go:507.3,511.35 5 0
github.com/astra-go/astra/cmd/astractl/main.go:511.35,513.4 1 0
github.com/astra-go/astra/cmd/astractl/main.go:516.2,516.21 1 0
github.com/astra-go/astra/cmd/astractl/main.go:516.21,518.3 1 0
github.com/astra-go/astra/cmd/astractl/main.go:519.2,520.12 2 0
github.com/astra-go/astra/cmd/astractl/main.go:525.40,532.25 4 0
github.com/astra-go/astra/cmd/astractl/main.go:532.25,534.21 2 0
github.com/astra-go/astra/cmd/astractl/main.go:534.21,537.4 2 0
github.com/astra-go/astra/cmd/astractl/main.go:539.2,543.25 4 0
github.com/astra-go/astra/cmd/astractl/main.go:543.25,544.19 1 0
github.com/astra-go/astra/cmd/astractl/main.go:544.19,547.4 2 0
github.com/astra-go/astra/cmd/astractl/main.go:549.2,549.21 1 0
github.com/astra-go/astra/cmd/astractl/main.go:549.21,551.3 1 0
github.com/astra-go/astra/cmd/astractl/main.go:552.2,553.12 2 0
github.com/astra-go/astra/cmd/astractl/main.go:558.40,559.35 1 0
github.com/astra-go/astra/cmd/astractl/main.go:559.35,562.3 2 0
github.com/astra-go/astra/cmd/astractl/main.go:563.2,567.16 4 0
github.com/astra-go/astra/cmd/astractl/main.go:567.16,569.3 1 0
github.com/astra-go/astra/cmd/astractl/main.go:570.2,571.16 2 0
github.com/astra-go/astra/cmd/astractl/main.go:571.16,573.3 1 0
github.com/astra-go/astra/cmd/astractl/main.go:575.2,579.24 3 0
github.com/astra-go/astra/cmd/astractl/main.go:579.24,581.3 1 0
github.com/astra-go/astra/cmd/astractl/main.go:582.2,582.24 1 0
github.com/astra-go/astra/cmd/astractl/main.go:582.24,584.3 1 0
github.com/astra-go/astra/cmd/astractl/main.go:584.8,584.30 1 0
github.com/astra-go/astra/cmd/astractl/main.go:584.30,586.3 1 0
github.com/astra-go/astra/cmd/astractl/main.go:588.2,588.76 1 0
github.com/astra-go/astra/cmd/astractl/main.go:588.76,590.3 1 0
github.com/astra-go/astra/cmd/astractl/main.go:591.2,591.12 1 0
github.com/astra-go/astra/cmd/astractl/main.go:596.55,598.16 2 0
github.com/astra-go/astra/cmd/astractl/main.go:598.16,600.3 1 0
github.com/astra-go/astra/cmd/astractl/main.go:601.2,604.21 4 0
github.com/astra-go/astra/cmd/astractl/main.go:604.21,606.50 2 0
github.com/astra-go/astra/cmd/astractl/main.go:606.50,607.12 1 0
github.com/astra-go/astra/cmd/astractl/main.go:609.3,609.22 1 0
github.com/astra-go/astra/cmd/astractl/main.go:609.22,611.12 2 0
github.com/astra-go/astra/cmd/astractl/main.go:613.3,613.14 1 0
github.com/astra-go/astra/cmd/astractl/main.go:613.14,614.19 1 0
github.com/astra-go/astra/cmd/astractl/main.go:614.19,616.13 2 0
github.com/astra-go/astra/cmd/astractl/main.go:618.4,618.50 1 0
github.com/astra-go/astra/cmd/astractl/main.go:618.50,620.5 1 0
github.com/astra-go/astra/cmd/astractl/main.go:621.4,621.18 1 0
github.com/astra-go/astra/cmd/astractl/main.go:621.18,623.5 1 0
github.com/astra-go/astra/cmd/astractl/main.go:624.4,624.12 1 0
github.com/astra-go/astra/cmd/astractl/main.go:626.3,626.54 1 0
github.com/astra-go/astra/cmd/astractl/main.go:626.54,628.50 2 0
github.com/astra-go/astra/cmd/astractl/main.go:628.50,630.5 1 0
github.com/astra-go/astra/cmd/astractl/main.go:631.4,631.33 1 0
github.com/astra-go/astra/cmd/astractl/main.go:631.33,633.5 1 0
github.com/astra-go/astra/cmd/astractl/main.go:636.2,636.38 1 0
github.com/astra-go/astra/cmd/astractl/main.go:636.38,638.3 1 0
github.com/astra-go/astra/cmd/astractl/main.go:639.2,639.20 1 0
github.com/astra-go/astra/cmd/astractl/main.go:639.20,641.3 1 0
github.com/astra-go/astra/cmd/astractl/main.go:642.2,642.18 1 0
github.com/astra-go/astra/cmd/astractl/main.go:645.33,647.16 2 0
github.com/astra-go/astra/cmd/astractl/main.go:647.16,650.18 2 0
github.com/astra-go/astra/cmd/astractl/main.go:650.18,652.4 1 0
github.com/astra-go/astra/cmd/astractl/main.go:653.3,654.17 2 0
github.com/astra-go/astra/cmd/astractl/main.go:656.2,657.16 2 0
github.com/astra-go/astra/cmd/astractl/main.go:657.16,659.18 2 0
github.com/astra-go/astra/cmd/astractl/main.go:659.18,661.4 1 0
github.com/astra-go/astra/cmd/astractl/main.go:662.3,663.17 2 0
github.com/astra-go/astra/cmd/astractl/main.go:665.2,665.44 1 0
github.com/astra-go/astra/cmd/astractl/main.go:672.57,674.31 2 0
github.com/astra-go/astra/cmd/astractl/main.go:674.31,676.3 1 0
github.com/astra-go/astra/cmd/astractl/main.go:677.2,677.27 1 0
github.com/astra-go/astra/cmd/astractl/main.go:682.58,684.2 1 0
github.com/astra-go/astra/cmd/astractl/main.go:689.48,690.60 1 0
github.com/astra-go/astra/cmd/astractl/main.go:690.60,691.27 1 0
github.com/astra-go/astra/cmd/astractl/main.go:691.27,692.12 1 0
github.com/astra-go/astra/cmd/astractl/main.go:694.3,696.31 3 0
github.com/astra-go/astra/cmd/astractl/main.go:696.31,697.12 1 0
github.com/astra-go/astra/cmd/astractl/main.go:699.3,699.56 1 0
github.com/astra-go/astra/cmd/astractl/main.go:699.56,701.4 1 0
github.com/astra-go/astra/cmd/astractl/main.go:703.2,703.59 1 0
github.com/astra-go/astra/cmd/astractl/main.go:708.18,803.2 1 0
github.com/astra-go/astra/cmd/astractl/main.go:806.49,808.33 2 0
github.com/astra-go/astra/cmd/astractl/main.go:808.33,809.10 1 0
github.com/astra-go/astra/cmd/astractl/main.go:810.55,812.7 2 0
github.com/astra-go/astra/cmd/astractl/main.go:813.63,814.29 1 0
github.com/astra-go/astra/cmd/astractl/main.go:815.11,816.30 1 0
github.com/astra-go/astra/cmd/astractl/main.go:819.2,819.12 1 0
github.com/astra-go/astra/cmd/astractl/internal/gen/errors/errors.go:13.31,18.39 5 0
github.com/astra-go/astra/cmd/astractl/internal/gen/errors/errors.go:18.39,23.3 1 0
github.com/astra-go/astra/cmd/astractl/internal/gen/errors/errors.go:25.2,25.118 1 0
github.com/astra-go/astra/cmd/astractl/internal/gen/errors/errors.go:25.118,27.3 1 0
github.com/astra-go/astra/cmd/astractl/internal/gen/errors/errors.go:28.2,28.17 1 0
github.com/astra-go/astra/cmd/astractl/internal/gen/errors/errors.go:28.17,30.3 1 0
github.com/astra-go/astra/cmd/astractl/internal/gen/errors/errors.go:30.8,32.3 1 0
github.com/astra-go/astra/cmd/astractl/internal/gen/errors/errors.go:33.2,33.12 1 0
github.com/astra-go/astra/cmd/astractl/internal/gen/handler/handler.go:14.31,15.55 1 0
github.com/astra-go/astra/cmd/astractl/internal/gen/handler/handler.go:15.55,20.3 1 0
github.com/astra-go/astra/cmd/astractl/internal/gen/handler/handler.go:21.2,23.51 2 0
github.com/astra-go/astra/cmd/astractl/internal/gen/handler/handler.go:23.51,29.3 1 0
github.com/astra-go/astra/cmd/astractl/internal/gen/handler/handler.go:31.2,36.43 6 0
github.com/astra-go/astra/cmd/astractl/internal/gen/handler/handler.go:36.43,41.3 1 0
github.com/astra-go/astra/cmd/astractl/internal/gen/handler/handler.go:43.2,47.18 4 0
github.com/astra-go/astra/cmd/astractl/internal/gen/handler/handler.go:47.18,49.3 1 0
github.com/astra-go/astra/cmd/astractl/internal/gen/handler/handler.go:51.2,51.80 1 0
github.com/astra-go/astra/cmd/astractl/internal/gen/handler/handler.go:51.80,53.3 1 0
github.com/astra-go/astra/cmd/astractl/internal/gen/handler/handler.go:55.2,55.16 1 0
github.com/astra-go/astra/cmd/astractl/internal/gen/handler/handler.go:55.16,57.3 1 0
github.com/astra-go/astra/cmd/astractl/internal/gen/handler/handler.go:57.8,59.3 1 0
github.com/astra-go/astra/cmd/astractl/internal/gen/handler/handler.go:60.2,60.18 1 0
github.com/astra-go/astra/cmd/astractl/internal/gen/handler/handler.go:60.18,62.3 1 0
github.com/astra-go/astra/cmd/astractl/internal/gen/handler/handler.go:63.2,63.12 1 0
github.com/astra-go/astra/cmd/astractl/internal/gen/middleware/middleware.go:14.31,15.55 1 0
github.com/astra-go/astra/cmd/astractl/internal/gen/middleware/middleware.go:15.55,20.3 1 0
github.com/astra-go/astra/cmd/astractl/internal/gen/middleware/middleware.go:21.2,23.51 2 0
github.com/astra-go/astra/cmd/astractl/internal/gen/middleware/middleware.go:23.51,29.3 1 0
github.com/astra-go/astra/cmd/astractl/internal/gen/middleware/middleware.go:31.2,35.43 5 0
github.com/astra-go/astra/cmd/astractl/internal/gen/middleware/middleware.go:35.43,40.3 1 0
github.com/astra-go/astra/cmd/astractl/internal/gen/middleware/middleware.go:42.2,43.117 2 0
github.com/astra-go/astra/cmd/astractl/internal/gen/middleware/middleware.go:43.117,45.3 1 0
github.com/astra-go/astra/cmd/astractl/internal/gen/middleware/middleware.go:47.2,47.16 1 0
github.com/astra-go/astra/cmd/astractl/internal/gen/middleware/middleware.go:47.16,49.3 1 0
github.com/astra-go/astra/cmd/astractl/internal/gen/middleware/middleware.go:49.8,51.3 1 0
github.com/astra-go/astra/cmd/astractl/internal/gen/middleware/middleware.go:52.2,52.12 1 0
github.com/astra-go/astra/cmd/astractl/internal/gen/repo/repo.go:14.31,15.55 1 0
github.com/astra-go/astra/cmd/astractl/internal/gen/repo/repo.go:15.55,20.3 1 0
github.com/astra-go/astra/cmd/astractl/internal/gen/repo/repo.go:21.2,23.51 2 0
github.com/astra-go/astra/cmd/astractl/internal/gen/repo/repo.go:23.51,29.3 1 0
github.com/astra-go/astra/cmd/astractl/internal/gen/repo/repo.go:31.2,35.43 5 0
github.com/astra-go/astra/cmd/astractl/internal/gen/repo/repo.go:35.43,40.3 1 0
github.com/astra-go/astra/cmd/astractl/internal/gen/repo/repo.go:42.2,43.111 2 0
github.com/astra-go/astra/cmd/astractl/internal/gen/repo/repo.go:43.111,45.3 1 0
github.com/astra-go/astra/cmd/astractl/internal/gen/repo/repo.go:47.2,47.16 1 0
github.com/astra-go/astra/cmd/astractl/internal/gen/repo/repo.go:47.16,49.3 1 0
github.com/astra-go/astra/cmd/astractl/internal/gen/repo/repo.go:49.8,51.3 1 0
github.com/astra-go/astra/cmd/astractl/internal/gen/repo/repo.go:52.2,52.12 1 0
github.com/astra-go/astra/cmd/astractl/internal/gen/openapi/openapi.go:19.31,20.55 1 0
github.com/astra-go/astra/cmd/astractl/internal/gen/openapi/openapi.go:20.55,25.3 1 0
github.com/astra-go/astra/cmd/astractl/internal/gen/openapi/openapi.go:26.2,32.43 6 0
github.com/astra-go/astra/cmd/astractl/internal/gen/openapi/openapi.go:32.43,34.3 1 0
github.com/astra-go/astra/cmd/astractl/internal/gen/openapi/openapi.go:36.2,37.16 2 0
github.com/astra-go/astra/cmd/astractl/internal/gen/openapi/openapi.go:37.16,43.3 1 0
github.com/astra-go/astra/cmd/astractl/internal/gen/openapi/openapi.go:45.2,46.51 2 0
github.com/astra-go/astra/cmd/astractl/internal/gen/openapi/openapi.go:46.51,51.3 1 0
github.com/astra-go/astra/cmd/astractl/internal/gen/openapi/openapi.go:53.2,65.23 6 0
github.com/astra-go/astra/cmd/astractl/internal/gen/openapi/openapi.go:65.23,67.3 1 0
github.com/astra-go/astra/cmd/astractl/internal/gen/openapi/openapi.go:68.2,70.29 2 0
github.com/astra-go/astra/cmd/astractl/internal/gen/openapi/openapi.go:70.29,73.38 3 0
github.com/astra-go/astra/cmd/astractl/internal/gen/openapi/openapi.go:73.38,75.11 2 0
github.com/astra-go/astra/cmd/astractl/internal/gen/openapi/openapi.go:75.11,76.13 1 0
github.com/astra-go/astra/cmd/astractl/internal/gen/openapi/openapi.go:78.4,81.60 3 0
github.com/astra-go/astra/cmd/astractl/internal/gen/openapi/openapi.go:81.60,83.5 1 0
github.com/astra-go/astra/cmd/astractl/internal/gen/openapi/openapi.go:83.10,86.58 3 0
github.com/astra-go/astra/cmd/astractl/internal/gen/openapi/openapi.go:86.58,86.77 1 0
github.com/astra-go/astra/cmd/astractl/internal/gen/openapi/openapi.go:87.5,87.98 1 0
github.com/astra-go/astra/cmd/astractl/internal/gen/openapi/openapi.go:90.4,91.54 2 0
github.com/astra-go/astra/cmd/astractl/internal/gen/openapi/openapi.go:91.54,93.5 1 0
github.com/astra-go/astra/cmd/astractl/internal/gen/openapi/openapi.go:95.4,96.59 2 0
github.com/astra-go/astra/cmd/astractl/internal/gen/openapi/openapi.go:96.59,97.49 1 0
github.com/astra-go/astra/cmd/astractl/internal/gen/openapi/openapi.go:97.49,99.6 1 0
github.com/astra-go/astra/cmd/astractl/internal/gen/openapi/openapi.go:102.4,107.6 1 0
github.com/astra-go/astra/cmd/astractl/internal/gen/openapi/openapi.go:111.2,111.22 1 0
github.com/astra-go/astra/cmd/astractl/internal/gen/openapi/openapi.go:111.22,116.3 1 0
github.com/astra-go/astra/cmd/astractl/internal/gen/openapi/openapi.go:118.2,119.24 2 0
github.com/astra-go/astra/cmd/astractl/internal/gen/openapi/openapi.go:119.24,121.3 1 0
github.com/astra-go/astra/cmd/astractl/internal/gen/openapi/openapi.go:122.2,129.60 5 0
github.com/astra-go/astra/cmd/astractl/internal/gen/openapi/openapi.go:129.60,131.3 1 0
github.com/astra-go/astra/cmd/astractl/internal/gen/openapi/openapi.go:133.2,133.27 1 0
github.com/astra-go/astra/cmd/astractl/internal/gen/openapi/openapi.go:133.27,140.26 5 0
github.com/astra-go/astra/cmd/astractl/internal/gen/openapi/openapi.go:140.26,145.4 4 0
github.com/astra-go/astra/cmd/astractl/internal/gen/openapi/openapi.go:147.3,149.26 3 0
github.com/astra-go/astra/cmd/astractl/internal/gen/openapi/openapi.go:149.26,151.4 1 0
github.com/astra-go/astra/cmd/astractl/internal/gen/openapi/openapi.go:152.3,152.29 1 0
github.com/astra-go/astra/cmd/astractl/internal/gen/openapi/openapi.go:155.2,157.81 3 0
github.com/astra-go/astra/cmd/astractl/internal/gen/openapi/openapi.go:157.81,159.3 1 0
github.com/astra-go/astra/cmd/astractl/internal/gen/openapi/openapi.go:161.2,161.16 1 0
github.com/astra-go/astra/cmd/astractl/internal/gen/openapi/openapi.go:161.16,163.3 1 0
github.com/astra-go/astra/cmd/astractl/internal/gen/openapi/openapi.go:163.8,165.3 1 0
github.com/astra-go/astra/cmd/astractl/internal/gen/openapi/openapi.go:166.2,166.27 1 0
github.com/astra-go/astra/cmd/astractl/internal/gen/openapi/openapi.go:166.27,168.3 1 0
github.com/astra-go/astra/cmd/astractl/internal/gen/openapi/openapi.go:169.2,169.12 1 0
github.com/astra-go/astra/cmd/astractl/internal/gen/openapi/openapi.go:173.49,175.23 2 0
github.com/astra-go/astra/cmd/astractl/internal/gen/openapi/openapi.go:175.23,177.3 1 0
github.com/astra-go/astra/cmd/astractl/internal/gen/openapi/openapi.go:178.2,179.23 2 0
github.com/astra-go/astra/cmd/astractl/internal/gen/openapi/openapi.go:179.23,181.3 1 0
github.com/astra-go/astra/cmd/astractl/internal/gen/openapi/openapi.go:183.2,184.25 2 0
github.com/astra-go/astra/cmd/astractl/internal/gen/openapi/openapi.go:184.25,186.3 1 0
github.com/astra-go/astra/cmd/astractl/internal/gen/openapi/openapi.go:187.2,191.29 4 0
github.com/astra-go/astra/cmd/astractl/internal/gen/openapi/openapi.go:191.29,193.10 2 0
github.com/astra-go/astra/cmd/astractl/internal/gen/openapi/openapi.go:193.10,194.12 1 0
github.com/astra-go/astra/cmd/astractl/internal/gen/openapi/openapi.go:196.3,196.61 1 0
github.com/astra-go/astra/cmd/astractl/internal/gen/openapi/openapi.go:198.2,198.21 1 0
github.com/astra-go/astra/cmd/astractl/internal/gen/openapi/openapi.go:202.92,204.34 2 0
github.com/astra-go/astra/cmd/astractl/internal/gen/openapi/openapi.go:204.34,207.3 2 0
github.com/astra-go/astra/cmd/astractl/internal/gen/openapi/openapi.go:209.2,211.51 3 0
github.com/astra-go/astra/cmd/astractl/internal/gen/openapi/openapi.go:211.51,212.29 1 0
github.com/astra-go/astra/cmd/astractl/internal/gen/openapi/openapi.go:212.29,213.31 1 0
github.com/astra-go/astra/cmd/astractl/internal/gen/openapi/openapi.go:213.31,215.5 1 0
github.com/astra-go/astra/cmd/astractl/internal/gen/openapi/openapi.go:219.2,220.20 2 0
github.com/astra-go/astra/cmd/astractl/internal/gen/openapi/openapi.go:220.20,222.24 2 0
github.com/astra-go/astra/cmd/astractl/internal/gen/openapi/openapi.go:222.24,224.4 1 0
github.com/astra-go/astra/cmd/astractl/internal/gen/openapi/openapi.go:225.3,227.35 2 0
github.com/astra-go/astra/cmd/astractl/internal/gen/openapi/openapi.go:227.35,229.11 2 0
github.com/astra-go/astra/cmd/astractl/internal/gen/openapi/openapi.go:229.11,230.13 1 0
github.com/astra-go/astra/cmd/astractl/internal/gen/openapi/openapi.go:232.4,234.24 3 0
github.com/astra-go/astra/cmd/astractl/internal/gen/openapi/openapi.go:234.24,236.5 1 0
github.com/astra-go/astra/cmd/astractl/internal/gen/openapi/openapi.go:237.4,238.51 1 0
github.com/astra-go/astra/cmd/astractl/internal/gen/openapi/openapi.go:241.2,241.27 1 0
github.com/astra-go/astra/cmd/astractl/internal/gen/openapi/openapi.go:245.63,246.44 1 0
github.com/astra-go/astra/cmd/astractl/internal/gen/openapi/openapi.go:246.44,249.3 2 0
github.com/astra-go/astra/cmd/astractl/internal/gen/openapi/openapi.go:250.2,252.13 3 0
github.com/astra-go/astra/cmd/astractl/internal/gen/openapi/openapi.go:253.16,254.18 1 0
github.com/astra-go/astra/cmd/astractl/internal/gen/openapi/openapi.go:255.17,256.24 1 0
github.com/astra-go/astra/cmd/astractl/internal/gen/openapi/openapi.go:256.24,258.4 1 0
github.com/astra-go/astra/cmd/astractl/internal/gen/openapi/openapi.go:259.3,259.17 1 0
github.com/astra-go/astra/cmd/astractl/internal/gen/openapi/openapi.go:260.16,261.24 1 0
github.com/astra-go/astra/cmd/astractl/internal/gen/openapi/openapi.go:261.24,263.4 1 0
github.com/astra-go/astra/cmd/astractl/internal/gen/openapi/openapi.go:264.3,264.19 1 0
github.com/astra-go/astra/cmd/astractl/internal/gen/openapi/openapi.go:265.17,266.16 1 0
github.com/astra-go/astra/cmd/astractl/internal/gen/openapi/openapi.go:267.15,269.19 2 0
github.com/astra-go/astra/cmd/astractl/internal/gen/openapi/openapi.go:269.19,271.4 1 0
github.com/astra-go/astra/cmd/astractl/internal/gen/openapi/openapi.go:272.3,272.50 1 0
github.com/astra-go/astra/cmd/astractl/internal/gen/openapi/openapi.go:273.16,274.26 1 0
github.com/astra-go/astra/cmd/astractl/internal/gen/openapi/openapi.go:275.10,276.15 1 0
github.com/astra-go/astra/cmd/astractl/internal/gen/proto/parse.go:60.51,63.26 3 0
github.com/astra-go/astra/cmd/astractl/internal/gen/proto/parse.go:63.26,65.3 1 0
github.com/astra-go/astra/cmd/astractl/internal/gen/proto/parse.go:67.2,70.66 3 0
github.com/astra-go/astra/cmd/astractl/internal/gen/proto/parse.go:74.39,78.2 3 0
github.com/astra-go/astra/cmd/astractl/internal/gen/proto/parse.go:82.40,86.62 4 0
github.com/astra-go/astra/cmd/astractl/internal/gen/proto/parse.go:86.62,89.64 3 0
github.com/astra-go/astra/cmd/astractl/internal/gen/proto/parse.go:89.64,90.42 1 0
github.com/astra-go/astra/cmd/astractl/internal/gen/proto/parse.go:90.42,91.13 1 0
github.com/astra-go/astra/cmd/astractl/internal/gen/proto/parse.go:93.4,96.6 1 0
github.com/astra-go/astra/cmd/astractl/internal/gen/proto/parse.go:98.3,98.20 1 0
github.com/astra-go/astra/cmd/astractl/internal/gen/proto/parse.go:98.20,100.4 1 0
github.com/astra-go/astra/cmd/astractl/internal/gen/proto/parse.go:102.2,102.14 1 0
github.com/astra-go/astra/cmd/astractl/internal/gen/proto/parse.go:105.67,112.70 4 0
github.com/astra-go/astra/cmd/astractl/internal/gen/proto/parse.go:112.70,116.10 4 0
github.com/astra-go/astra/cmd/astractl/internal/gen/proto/parse.go:116.10,117.12 1 0
github.com/astra-go/astra/cmd/astractl/internal/gen/proto/parse.go:119.3,120.62 2 0
github.com/astra-go/astra/cmd/astractl/internal/gen/proto/parse.go:120.62,124.21 4 0
github.com/astra-go/astra/cmd/astractl/internal/gen/proto/parse.go:125.57,126.13 1 0
github.com/astra-go/astra/cmd/astractl/internal/gen/proto/parse.go:128.4,134.6 2 0
github.com/astra-go/astra/cmd/astractl/internal/gen/proto/parse.go:136.3,136.59 1 0
github.com/astra-go/astra/cmd/astractl/internal/gen/proto/parse.go:138.2,138.13 1 0
github.com/astra-go/astra/cmd/astractl/internal/gen/proto/parse.go:141.57,145.70 4 0
github.com/astra-go/astra/cmd/astractl/internal/gen/proto/parse.go:145.70,149.10 4 0
github.com/astra-go/astra/cmd/astractl/internal/gen/proto/parse.go:149.10,150.12 1 0
github.com/astra-go/astra/cmd/astractl/internal/gen/proto/parse.go:152.3,153.63 2 0
github.com/astra-go/astra/cmd/astractl/internal/gen/proto/parse.go:153.63,156.17 3 0
github.com/astra-go/astra/cmd/astractl/internal/gen/proto/parse.go:156.17,158.19 2 0
github.com/astra-go/astra/cmd/astractl/internal/gen/proto/parse.go:158.19,162.6 3 0
github.com/astra-go/astra/cmd/astractl/internal/gen/proto/parse.go:162.11,167.6 4 0
github.com/astra-go/astra/cmd/astractl/internal/gen/proto/parse.go:169.4,169.28 1 0
github.com/astra-go/astra/cmd/astractl/internal/gen/proto/parse.go:171.3,171.20 1 0
github.com/astra-go/astra/cmd/astractl/internal/gen/proto/parse.go:171.20,173.4 1 0
github.com/astra-go/astra/cmd/astractl/internal/gen/proto/parse.go:175.2,175.13 1 0
github.com/astra-go/astra/cmd/astractl/internal/gen/proto/parse.go:180.63,181.44 1 0
github.com/astra-go/astra/cmd/astractl/internal/gen/proto/parse.go:181.44,183.3 1 0
github.com/astra-go/astra/cmd/astractl/internal/gen/proto/parse.go:184.2,185.36 2 0
github.com/astra-go/astra/cmd/astractl/internal/gen/proto/parse.go:185.36,186.17 1 0
github.com/astra-go/astra/cmd/astractl/internal/gen/proto/parse.go:187.12,188.11 1 0
github.com/astra-go/astra/cmd/astractl/internal/gen/proto/parse.go:189.12,191.18 2 0
github.com/astra-go/astra/cmd/astractl/internal/gen/proto/parse.go:191.18,193.5 1 0
github.com/astra-go/astra/cmd/astractl/internal/gen/proto/parse.go:196.2,196.18 1 0
github.com/astra-go/astra/cmd/astractl/internal/gen/proto/parse.go:202.54,206.16 3 0
github.com/astra-go/astra/cmd/astractl/internal/gen/proto/parse.go:206.16,208.3 1 0
github.com/astra-go/astra/cmd/astractl/internal/gen/proto/parse.go:210.2,211.9 2 0
github.com/astra-go/astra/cmd/astractl/internal/gen/proto/parse.go:211.9,213.3 1 0
github.com/astra-go/astra/cmd/astractl/internal/gen/proto/parse.go:214.2,217.4 1 0
github.com/astra-go/astra/cmd/astractl/internal/gen/proto/parse.go:217.4,219.51 2 0
github.com/astra-go/astra/cmd/astractl/internal/gen/proto/parse.go:219.51,221.4 1 0
github.com/astra-go/astra/cmd/astractl/internal/gen/proto/parse.go:223.2,223.15 1 0
github.com/astra-go/astra/cmd/astractl/internal/gen/proto/parse.go:226.55,228.26 2 0
github.com/astra-go/astra/cmd/astractl/internal/gen/proto/parse.go:228.26,229.17 1 0
github.com/astra-go/astra/cmd/astractl/internal/gen/proto/parse.go:229.17,231.4 1 0
github.com/astra-go/astra/cmd/astractl/internal/gen/proto/parse.go:233.2,234.41 2 0
github.com/astra-go/astra/cmd/astractl/internal/gen/proto/parse.go:234.41,236.3 1 0
github.com/astra-go/astra/cmd/astractl/internal/gen/proto/parse.go:237.2,237.26 1 0
github.com/astra-go/astra/cmd/astractl/internal/gen/proto/parse.go:241.101,242.18 1 0
github.com/astra-go/astra/cmd/astractl/internal/gen/proto/parse.go:242.18,244.15 2 0
github.com/astra-go/astra/cmd/astractl/internal/gen/proto/parse.go:244.15,246.4 1 0
github.com/astra-go/astra/cmd/astractl/internal/gen/proto/parse.go:247.3,248.15 2 0
github.com/astra-go/astra/cmd/astractl/internal/gen/proto/parse.go:248.15,250.4 1 0
github.com/astra-go/astra/cmd/astractl/internal/gen/proto/parse.go:251.3,251.42 1 0
github.com/astra-go/astra/cmd/astractl/internal/gen/proto/parse.go:253.2,255.15 3 0
github.com/astra-go/astra/cmd/astractl/internal/gen/proto/parse.go:255.15,257.3 1 0
github.com/astra-go/astra/cmd/astractl/internal/gen/proto/parse.go:258.2,258.14 1 0
github.com/astra-go/astra/cmd/astractl/internal/gen/proto/parse.go:258.14,259.27 1 0
github.com/astra-go/astra/cmd/astractl/internal/gen/proto/parse.go:259.27,261.4 1 0
github.com/astra-go/astra/cmd/astractl/internal/gen/proto/parse.go:262.3,262.23 1 0
github.com/astra-go/astra/cmd/astractl/internal/gen/proto/parse.go:264.2,264.26 1 0
github.com/astra-go/astra/cmd/astractl/internal/gen/proto/parse.go:264.26,266.3 1 0
github.com/astra-go/astra/cmd/astractl/internal/gen/proto/parse.go:267.2,267.15 1 0
github.com/astra-go/astra/cmd/astractl/internal/gen/proto/parse.go:287.37,289.26 2 0
github.com/astra-go/astra/cmd/astractl/internal/gen/proto/parse.go:289.26,291.41 2 0
github.com/astra-go/astra/cmd/astractl/internal/gen/proto/parse.go:291.41,293.4 1 0
github.com/astra-go/astra/cmd/astractl/internal/gen/proto/parse.go:293.9,293.24 1 0
github.com/astra-go/astra/cmd/astractl/internal/gen/proto/parse.go:293.24,295.4 1 0
github.com/astra-go/astra/cmd/astractl/internal/gen/proto/parse.go:297.2,297.32 1 0
github.com/astra-go/astra/cmd/astractl/internal/gen/proto/parse.go:301.36,303.23 2 0
github.com/astra-go/astra/cmd/astractl/internal/gen/proto/parse.go:303.23,304.38 1 0
github.com/astra-go/astra/cmd/astractl/internal/gen/proto/parse.go:304.38,306.4 1 0
github.com/astra-go/astra/cmd/astractl/internal/gen/proto/parse.go:307.3,307.29 1 0
github.com/astra-go/astra/cmd/astractl/internal/gen/proto/parse.go:307.29,309.4 1 0
github.com/astra-go/astra/cmd/astractl/internal/gen/proto/parse.go:309.9,311.4 1 0
github.com/astra-go/astra/cmd/astractl/internal/gen/proto/parse.go:313.2,313.19 1 0
github.com/astra-go/astra/cmd/astractl/internal/gen/proto/parse.go:317.40,319.88 2 0
github.com/astra-go/astra/cmd/astractl/internal/gen/proto/parse.go:319.88,320.34 1 0
github.com/astra-go/astra/cmd/astractl/internal/gen/proto/parse.go:320.34,322.4 1 0
github.com/astra-go/astra/cmd/astractl/internal/gen/proto/parse.go:324.2,324.58 1 0
github.com/astra-go/astra/cmd/astractl/internal/gen/proto/parse.go:324.58,325.34 1 0
github.com/astra-go/astra/cmd/astractl/internal/gen/proto/parse.go:325.34,327.4 1 0
github.com/astra-go/astra/cmd/astractl/internal/gen/proto/parse.go:329.2,329.80 1 0
github.com/astra-go/astra/cmd/astractl/internal/gen/proto/parse.go:329.80,330.34 1 0
github.com/astra-go/astra/cmd/astractl/internal/gen/proto/parse.go:330.34,332.4 1 0
github.com/astra-go/astra/cmd/astractl/internal/gen/proto/parse.go:334.2,334.15 1 0
github.com/astra-go/astra/cmd/astractl/internal/gen/proto/proto.go:15.31,16.55 1 0
github.com/astra-go/astra/cmd/astractl/internal/gen/proto/proto.go:16.55,21.3 1 0
github.com/astra-go/astra/cmd/astractl/internal/gen/proto/proto.go:22.2,32.43 10 0
github.com/astra-go/astra/cmd/astractl/internal/gen/proto/proto.go:32.43,37.3 1 0
github.com/astra-go/astra/cmd/astractl/internal/gen/proto/proto.go:39.2,40.16 2 0
github.com/astra-go/astra/cmd/astractl/internal/gen/proto/proto.go:40.16,46.3 1 0
github.com/astra-go/astra/cmd/astractl/internal/gen/proto/proto.go:48.2,52.60 4 0
github.com/astra-go/astra/cmd/astractl/internal/gen/proto/proto.go:52.60,60.3 1 0
github.com/astra-go/astra/cmd/astractl/internal/gen/proto/proto.go:62.2,68.15 5 0
github.com/astra-go/astra/cmd/astractl/internal/gen/proto/proto.go:68.15,70.3 1 0
github.com/astra-go/astra/cmd/astractl/internal/gen/proto/proto.go:70.8,70.22 1 0
github.com/astra-go/astra/cmd/astractl/internal/gen/proto/proto.go:70.22,72.3 1 0
github.com/astra-go/astra/cmd/astractl/internal/gen/proto/proto.go:73.2,73.72 1 0
github.com/astra-go/astra/cmd/astractl/internal/gen/proto/proto.go:73.72,75.3 1 0
github.com/astra-go/astra/cmd/astractl/internal/gen/proto/proto.go:77.2,78.16 2 0
github.com/astra-go/astra/cmd/astractl/internal/gen/proto/proto.go:78.16,80.3 1 0
github.com/astra-go/astra/cmd/astractl/internal/gen/proto/proto.go:81.2,83.38 3 0
github.com/astra-go/astra/cmd/astractl/internal/gen/proto/proto.go:83.38,85.15 2 0
github.com/astra-go/astra/cmd/astractl/internal/gen/proto/proto.go:85.15,87.4 1 0
github.com/astra-go/astra/cmd/astractl/internal/gen/proto/proto.go:87.9,87.23 1 0
github.com/astra-go/astra/cmd/astractl/internal/gen/proto/proto.go:87.23,89.4 1 0
github.com/astra-go/astra/cmd/astractl/internal/gen/proto/proto.go:91.2,93.39 2 0
github.com/astra-go/astra/cmd/astractl/internal/gen/proto/proto.go:93.39,96.72 3 0
github.com/astra-go/astra/cmd/astractl/internal/gen/proto/proto.go:96.72,98.4 1 0
github.com/astra-go/astra/cmd/astractl/internal/gen/proto/proto.go:99.3,100.17 2 0
github.com/astra-go/astra/cmd/astractl/internal/gen/proto/proto.go:100.17,102.4 1 0
github.com/astra-go/astra/cmd/astractl/internal/gen/proto/proto.go:103.3,103.58 1 0
github.com/astra-go/astra/cmd/astractl/internal/gen/proto/proto.go:105.2,105.12 1 0
github.com/astra-go/astra/cmd/astractl/internal/gen/proto/proto.go:108.110,112.22 3 0
github.com/astra-go/astra/cmd/astractl/internal/gen/proto/proto.go:112.22,114.3 1 0
github.com/astra-go/astra/cmd/astractl/internal/gen/proto/proto.go:116.2,119.15 4 0
github.com/astra-go/astra/cmd/astractl/internal/gen/proto/proto.go:119.15,121.3 1 0
github.com/astra-go/astra/cmd/astractl/internal/gen/proto/proto.go:122.2,126.30 4 0
github.com/astra-go/astra/cmd/astractl/internal/gen/proto/proto.go:126.30,128.3 1 0
github.com/astra-go/astra/cmd/astractl/internal/gen/proto/proto.go:129.2,129.14 1 0
github.com/astra-go/astra/cmd/astractl/internal/gen/proto/proto.go:129.14,131.3 1 0
github.com/astra-go/astra/cmd/astractl/internal/gen/proto/proto.go:132.2,132.22 1 0
github.com/astra-go/astra/cmd/astractl/internal/gen/proto/proto.go:132.22,134.31 2 0
github.com/astra-go/astra/cmd/astractl/internal/gen/proto/proto.go:134.31,135.19 1 0
github.com/astra-go/astra/cmd/astractl/internal/gen/proto/proto.go:135.19,137.5 1 0
github.com/astra-go/astra/cmd/astractl/internal/gen/proto/proto.go:137.10,139.5 1 0
github.com/astra-go/astra/cmd/astractl/internal/gen/proto/proto.go:141.3,141.29 1 0
github.com/astra-go/astra/cmd/astractl/internal/gen/proto/proto.go:144.2,144.27 1 0
github.com/astra-go/astra/cmd/astractl/internal/gen/proto/proto.go:144.27,146.34 2 0
github.com/astra-go/astra/cmd/astractl/internal/gen/proto/proto.go:146.34,149.31 3 0
github.com/astra-go/astra/cmd/astractl/internal/gen/proto/proto.go:149.31,151.5 1 0
github.com/astra-go/astra/cmd/astractl/internal/gen/proto/proto.go:152.4,152.30 1 0
github.com/astra-go/astra/cmd/astractl/internal/gen/proto/proto.go:156.2,156.30 1 0
github.com/astra-go/astra/cmd/astractl/internal/gen/proto/proto.go:156.30,158.37 2 0
github.com/astra-go/astra/cmd/astractl/internal/gen/proto/proto.go:158.37,161.31 3 0
github.com/astra-go/astra/cmd/astractl/internal/gen/proto/proto.go:161.31,164.5 1 0
github.com/astra-go/astra/cmd/astractl/internal/gen/proto/proto.go:165.4,165.30 1 0
github.com/astra-go/astra/cmd/astractl/internal/gen/proto/proto.go:169.2,169.38 1 0
github.com/astra-go/astra/cmd/astractl/internal/gen/proto/proto.go:169.38,178.32 8 0
github.com/astra-go/astra/cmd/astractl/internal/gen/proto/proto.go:178.32,180.4 1 0
github.com/astra-go/astra/cmd/astractl/internal/gen/proto/proto.go:181.3,183.15 2 0
github.com/astra-go/astra/cmd/astractl/internal/gen/proto/proto.go:183.15,184.12 1 0
github.com/astra-go/astra/cmd/astractl/internal/gen/proto/proto.go:187.3,187.15 1 0
github.com/astra-go/astra/cmd/astractl/internal/gen/proto/proto.go:187.15,195.12 8 0
github.com/astra-go/astra/cmd/astractl/internal/gen/proto/proto.go:198.3,208.32 9 0
github.com/astra-go/astra/cmd/astractl/internal/gen/proto/proto.go:208.32,210.4 1 0
github.com/astra-go/astra/cmd/astractl/internal/gen/proto/proto.go:211.3,213.32 2 0
github.com/astra-go/astra/cmd/astractl/internal/gen/proto/proto.go:213.32,215.19 2 0
github.com/astra-go/astra/cmd/astractl/internal/gen/proto/proto.go:215.19,217.5 1 0
github.com/astra-go/astra/cmd/astractl/internal/gen/proto/proto.go:218.4,219.30 2 0
github.com/astra-go/astra/cmd/astractl/internal/gen/proto/proto.go:219.30,221.5 1 0
github.com/astra-go/astra/cmd/astractl/internal/gen/proto/proto.go:222.4,228.32 7 0
github.com/astra-go/astra/cmd/astractl/internal/gen/proto/proto.go:228.32,230.5 1 0
github.com/astra-go/astra/cmd/astractl/internal/gen/proto/proto.go:230.10,232.5 1 0
github.com/astra-go/astra/cmd/astractl/internal/gen/proto/proto.go:236.2,236.21 1 0
github.com/astra-go/astra/cmd/astractl/internal/gen/proto/proto.go:239.59,244.27 5 0
github.com/astra-go/astra/cmd/astractl/internal/gen/proto/proto.go:244.27,251.32 7 0
github.com/astra-go/astra/cmd/astractl/internal/gen/proto/proto.go:251.32,255.4 2 0
github.com/astra-go/astra/cmd/astractl/internal/gen/proto/proto.go:257.2,257.20 1 0
github.com/astra-go/astra/cmd/astractl/internal/gen/model/model.go:14.31,15.55 1 0
github.com/astra-go/astra/cmd/astractl/internal/gen/model/model.go:15.55,20.3 1 0
github.com/astra-go/astra/cmd/astractl/internal/gen/model/model.go:21.2,23.51 2 0
github.com/astra-go/astra/cmd/astractl/internal/gen/model/model.go:23.51,29.3 1 0
github.com/astra-go/astra/cmd/astractl/internal/gen/model/model.go:31.2,35.43 5 0
github.com/astra-go/astra/cmd/astractl/internal/gen/model/model.go:35.43,40.3 1 0
github.com/astra-go/astra/cmd/astractl/internal/gen/model/model.go:42.2,43.112 2 0
github.com/astra-go/astra/cmd/astractl/internal/gen/model/model.go:43.112,45.3 1 0
github.com/astra-go/astra/cmd/astractl/internal/gen/model/model.go:47.2,47.16 1 0
github.com/astra-go/astra/cmd/astractl/internal/gen/model/model.go:47.16,49.3 1 0
github.com/astra-go/astra/cmd/astractl/internal/gen/model/model.go:49.8,51.3 1 0
github.com/astra-go/astra/cmd/astractl/internal/gen/model/model.go:52.2,52.12 1 0
github.com/astra-go/astra/cmd/astractl/internal/gen/service/service.go:15.31,17.25 1 0
github.com/astra-go/astra/cmd/astractl/internal/gen/service/service.go:17.25,18.57 1 0
github.com/astra-go/astra/cmd/astractl/internal/gen/service/service.go:18.57,20.4 1 0
github.com/astra-go/astra/cmd/astractl/internal/gen/service/service.go:23.2,23.55 1 0
github.com/astra-go/astra/cmd/astractl/internal/gen/service/service.go:23.55,29.3 1 0
github.com/astra-go/astra/cmd/astractl/internal/gen/service/service.go:30.2,32.51 2 0
github.com/astra-go/astra/cmd/astractl/internal/gen/service/service.go:32.51,38.3 1 0
github.com/astra-go/astra/cmd/astractl/internal/gen/service/service.go:40.2,44.43 5 0
github.com/astra-go/astra/cmd/astractl/internal/gen/service/service.go:44.43,49.3 1 0
github.com/astra-go/astra/cmd/astractl/internal/gen/service/service.go:51.2,52.114 2 0
github.com/astra-go/astra/cmd/astractl/internal/gen/service/service.go:52.114,54.3 1 0
github.com/astra-go/astra/cmd/astractl/internal/gen/service/service.go:56.2,56.16 1 0
github.com/astra-go/astra/cmd/astractl/internal/gen/service/service.go:56.16,58.3 1 0
github.com/astra-go/astra/cmd/astractl/internal/gen/service/service.go:58.8,60.3 1 0
github.com/astra-go/astra/cmd/astractl/internal/gen/service/service.go:61.2,61.12 1 0
github.com/astra-go/astra/cmd/astractl/internal/gen/test/test.go:14.31,15.55 1 0
github.com/astra-go/astra/cmd/astractl/internal/gen/test/test.go:15.55,20.3 1 0
github.com/astra-go/astra/cmd/astractl/internal/gen/test/test.go:21.2,23.51 2 0
github.com/astra-go/astra/cmd/astractl/internal/gen/test/test.go:23.51,29.3 1 0
github.com/astra-go/astra/cmd/astractl/internal/gen/test/test.go:31.2,35.43 5 0
github.com/astra-go/astra/cmd/astractl/internal/gen/test/test.go:35.43,40.3 1 0
github.com/astra-go/astra/cmd/astractl/internal/gen/test/test.go:42.2,43.118 2 0
github.com/astra-go/astra/cmd/astractl/internal/gen/test/test.go:43.118,45.3 1 0
github.com/astra-go/astra/cmd/astractl/internal/gen/test/test.go:47.2,47.16 1 0
github.com/astra-go/astra/cmd/astractl/internal/gen/test/test.go:47.16,49.3 1 0
github.com/astra-go/astra/cmd/astractl/internal/gen/test/test.go:49.8,51.3 1 0
github.com/astra-go/astra/cmd/astractl/internal/gen/test/test.go:52.2,52.12 1 0
github.com/astra-go/astra/cmd/astractl/internal/gen/svcproto/svcproto.go:20.31,26.39 6 0
github.com/astra-go/astra/cmd/astractl/internal/gen/svcproto/svcproto.go:26.39,31.3 1 0
github.com/astra-go/astra/cmd/astractl/internal/gen/svcproto/svcproto.go:32.2,32.22 1 0
github.com/astra-go/astra/cmd/astractl/internal/gen/svcproto/svcproto.go:32.22,37.3 1 0
github.com/astra-go/astra/cmd/astractl/internal/gen/svcproto/svcproto.go:38.2,38.55 1 0
github.com/astra-go/astra/cmd/astractl/internal/gen/svcproto/svcproto.go:41.67,43.16 2 0
github.com/astra-go/astra/cmd/astractl/internal/gen/svcproto/svcproto.go:43.16,49.3 1 0
github.com/astra-go/astra/cmd/astractl/internal/gen/svcproto/svcproto.go:51.2,54.60 3 0
github.com/astra-go/astra/cmd/astractl/internal/gen/svcproto/svcproto.go:54.60,62.3 1 0
github.com/astra-go/astra/cmd/astractl/internal/gen/svcproto/svcproto.go:64.2,66.18 2 0
github.com/astra-go/astra/cmd/astractl/internal/gen/svcproto/svcproto.go:66.18,67.31 1 0
github.com/astra-go/astra/cmd/astractl/internal/gen/svcproto/svcproto.go:67.31,69.4 1 0
github.com/astra-go/astra/cmd/astractl/internal/gen/svcproto/svcproto.go:69.9,71.4 1 0
github.com/astra-go/astra/cmd/astractl/internal/gen/svcproto/svcproto.go:73.2,73.18 1 0
github.com/astra-go/astra/cmd/astractl/internal/gen/svcproto/svcproto.go:73.18,75.3 1 0
github.com/astra-go/astra/cmd/astractl/internal/gen/svcproto/svcproto.go:78.2,84.4 1 0
github.com/astra-go/astra/cmd/astractl/internal/gen/svcproto/svcproto.go:84.4,85.50 1 0
github.com/astra-go/astra/cmd/astractl/internal/gen/svcproto/svcproto.go:85.50,87.4 1 0
github.com/astra-go/astra/cmd/astractl/internal/gen/svcproto/svcproto.go:90.2,96.94 4 0
github.com/astra-go/astra/cmd/astractl/internal/gen/svcproto/svcproto.go:96.94,98.3 1 0
github.com/astra-go/astra/cmd/astractl/internal/gen/svcproto/svcproto.go:101.2,101.30 1 0
github.com/astra-go/astra/cmd/astractl/internal/gen/svcproto/svcproto.go:101.30,103.89 2 0
github.com/astra-go/astra/cmd/astractl/internal/gen/svcproto/svcproto.go:103.89,105.4 1 0
github.com/astra-go/astra/cmd/astractl/internal/gen/svcproto/svcproto.go:107.3,108.97 2 0
github.com/astra-go/astra/cmd/astractl/internal/gen/svcproto/svcproto.go:108.97,110.4 1 0
github.com/astra-go/astra/cmd/astractl/internal/gen/svcproto/svcproto.go:114.2,115.110 2 0
github.com/astra-go/astra/cmd/astractl/internal/gen/svcproto/svcproto.go:115.110,117.3 1 0
github.com/astra-go/astra/cmd/astractl/internal/gen/svcproto/svcproto.go:120.2,122.93 2 0
github.com/astra-go/astra/cmd/astractl/internal/gen/svcproto/svcproto.go:122.93,124.3 1 0
github.com/astra-go/astra/cmd/astractl/internal/gen/svcproto/svcproto.go:125.2,125.98 1 0
github.com/astra-go/astra/cmd/astractl/internal/gen/svcproto/svcproto.go:125.98,127.3 1 0
github.com/astra-go/astra/cmd/astractl/internal/gen/svcproto/svcproto.go:128.2,128.102 1 0
github.com/astra-go/astra/cmd/astractl/internal/gen/svcproto/svcproto.go:128.102,130.3 1 0
github.com/astra-go/astra/cmd/astractl/internal/gen/svcproto/svcproto.go:131.2,131.101 1 0
github.com/astra-go/astra/cmd/astractl/internal/gen/svcproto/svcproto.go:131.101,133.3 1 0
github.com/astra-go/astra/cmd/astractl/internal/gen/svcproto/svcproto.go:134.2,134.137 1 0
github.com/astra-go/astra/cmd/astractl/internal/gen/svcproto/svcproto.go:134.137,136.3 1 0
github.com/astra-go/astra/cmd/astractl/internal/gen/svcproto/svcproto.go:137.2,137.124 1 0
github.com/astra-go/astra/cmd/astractl/internal/gen/svcproto/svcproto.go:137.124,139.3 1 0
github.com/astra-go/astra/cmd/astractl/internal/gen/svcproto/svcproto.go:140.2,140.126 1 0
github.com/astra-go/astra/cmd/astractl/internal/gen/svcproto/svcproto.go:140.126,142.3 1 0
github.com/astra-go/astra/cmd/astractl/internal/gen/svcproto/svcproto.go:145.2,148.38 4 0
github.com/astra-go/astra/cmd/astractl/internal/gen/svcproto/svcproto.go:148.38,150.3 1 0
github.com/astra-go/astra/cmd/astractl/internal/gen/svcproto/svcproto.go:151.2,157.12 7 0
github.com/astra-go/astra/cmd/astractl/internal/gen/svcproto/svcproto.go:161.70,170.17 8 0
github.com/astra-go/astra/cmd/astractl/internal/gen/svcproto/svcproto.go:170.17,172.3 1 0
github.com/astra-go/astra/cmd/astractl/internal/gen/svcproto/svcproto.go:173.2,194.31 20 0
github.com/astra-go/astra/cmd/astractl/internal/gen/svcproto/svcproto.go:194.31,202.3 7 0
github.com/astra-go/astra/cmd/astractl/internal/gen/svcproto/svcproto.go:203.2,203.18 1 0
github.com/astra-go/astra/cmd/astractl/internal/gen/svcproto/svcproto.go:203.18,205.3 1 0
github.com/astra-go/astra/cmd/astractl/internal/gen/svcproto/svcproto.go:207.2,209.21 3 0
github.com/astra-go/astra/cmd/astractl/internal/gen/svcproto/svcproto.go:213.77,226.38 11 0
github.com/astra-go/astra/cmd/astractl/internal/gen/svcproto/svcproto.go:226.38,239.32 11 0
github.com/astra-go/astra/cmd/astractl/internal/gen/svcproto/svcproto.go:239.32,241.18 2 0
github.com/astra-go/astra/cmd/astractl/internal/gen/svcproto/svcproto.go:241.18,243.5 1 0
github.com/astra-go/astra/cmd/astractl/internal/gen/svcproto/svcproto.go:244.4,253.30 10 0
github.com/astra-go/astra/cmd/astractl/internal/gen/svcproto/svcproto.go:256.2,256.21 1 0
github.com/astra-go/astra/cmd/astractl/internal/tmpl/templates.go:21.25,21.46 1 0
github.com/astra-go/astra/cmd/astractl/internal/tmpl/templates.go:25.49,26.23 1 0
github.com/astra-go/astra/cmd/astractl/internal/tmpl/templates.go:26.23,28.3 1 0
github.com/astra-go/astra/cmd/astractl/internal/tmpl/templates.go:29.2,31.16 3 0
github.com/astra-go/astra/cmd/astractl/internal/tmpl/templates.go:31.16,33.3 1 0
github.com/astra-go/astra/cmd/astractl/internal/tmpl/templates.go:34.2,35.16 2 0
github.com/astra-go/astra/cmd/astractl/internal/tmpl/templates.go:35.16,39.3 3 0
github.com/astra-go/astra/cmd/astractl/internal/tmpl/templates.go:40.2,40.10 1 0
github.com/astra-go/astra/cmd/astractl/internal/tmpl/templates.go:93.48,95.16 2 0
github.com/astra-go/astra/cmd/astractl/internal/tmpl/templates.go:95.16,99.3 3 0
github.com/astra-go/astra/cmd/astractl/internal/tmpl/templates.go:100.2,100.10 1 0
github.com/astra-go/astra/cmd/astractl/internal/tmpl/templates.go:103.32,104.39 1 0
github.com/astra-go/astra/cmd/astractl/internal/tmpl/templates.go:104.39,104.51 1 0
github.com/astra-go/astra/cmd/astractl/internal/tmpl/templates.go:105.2,105.21 1 0
github.com/astra-go/astra/cmd/astractl/internal/tmpl/templates.go:105.21,105.56 1 0
github.com/astra-go/astra/cmd/astractl/internal/tmpl/templates.go:106.2,106.16 1 0
github.com/astra-go/astra/cmd/astractl/internal/tmpl/templates.go:109.34,110.41 1 0
github.com/astra-go/astra/cmd/astractl/internal/tmpl/templates.go:110.41,110.53 1 0
github.com/astra-go/astra/cmd/astractl/internal/tmpl/templates.go:111.2,111.23 1 0
github.com/astra-go/astra/cmd/astractl/internal/tmpl/templates.go:111.23,111.64 1 0
github.com/astra-go/astra/cmd/astractl/internal/tmpl/templates.go:112.2,112.18 1 0
github.com/astra-go/astra/cmd/astractl/internal/tmpl/templates.go:115.35,116.42 1 0
github.com/astra-go/astra/cmd/astractl/internal/tmpl/templates.go:116.42,116.54 1 0
github.com/astra-go/astra/cmd/astractl/internal/tmpl/templates.go:117.2,117.24 1 0
github.com/astra-go/astra/cmd/astractl/internal/tmpl/templates.go:117.24,117.68 1 0
github.com/astra-go/astra/cmd/astractl/internal/tmpl/templates.go:118.2,118.19 1 0
github.com/astra-go/astra/cmd/astractl/internal/tmpl/templates.go:121.33,122.40 1 0
github.com/astra-go/astra/cmd/astractl/internal/tmpl/templates.go:122.40,122.52 1 0
github.com/astra-go/astra/cmd/astractl/internal/tmpl/templates.go:123.2,123.22 1 0
github.com/astra-go/astra/cmd/astractl/internal/tmpl/templates.go:123.22,123.60 1 0
github.com/astra-go/astra/cmd/astractl/internal/tmpl/templates.go:124.2,124.17 1 0
github.com/astra-go/astra/cmd/astractl/internal/tmpl/templates.go:127.34,128.41 1 0
github.com/astra-go/astra/cmd/astractl/internal/tmpl/templates.go:128.41,128.53 1 0
github.com/astra-go/astra/cmd/astractl/internal/tmpl/templates.go:129.2,129.23 1 0
github.com/astra-go/astra/cmd/astractl/internal/tmpl/templates.go:129.23,129.64 1 0
github.com/astra-go/astra/cmd/astractl/internal/tmpl/templates.go:130.2,130.18 1 0
github.com/astra-go/astra/cmd/astractl/internal/tmpl/templates.go:133.37,134.44 1 0
github.com/astra-go/astra/cmd/astractl/internal/tmpl/templates.go:134.44,134.56 1 0
github.com/astra-go/astra/cmd/astractl/internal/tmpl/templates.go:135.2,135.26 1 0
github.com/astra-go/astra/cmd/astractl/internal/tmpl/templates.go:135.26,135.76 1 0
github.com/astra-go/astra/cmd/astractl/internal/tmpl/templates.go:136.2,136.21 1 0
github.com/astra-go/astra/cmd/astractl/internal/tmpl/templates.go:139.38,140.45 1 0
github.com/astra-go/astra/cmd/astractl/internal/tmpl/templates.go:140.45,140.57 1 0
github.com/astra-go/astra/cmd/astractl/internal/tmpl/templates.go:141.2,141.21 1 0
github.com/astra-go/astra/cmd/astractl/internal/tmpl/templates.go:141.21,141.74 1 0
github.com/astra-go/astra/cmd/astractl/internal/tmpl/templates.go:142.2,142.22 1 0
github.com/astra-go/astra/cmd/astractl/internal/tmpl/templates.go:145.37,146.44 1 0
github.com/astra-go/astra/cmd/astractl/internal/tmpl/templates.go:146.44,146.56 1 0
github.com/astra-go/astra/cmd/astractl/internal/tmpl/templates.go:147.2,147.26 1 0
github.com/astra-go/astra/cmd/astractl/internal/tmpl/templates.go:147.26,147.76 1 0
github.com/astra-go/astra/cmd/astractl/internal/tmpl/templates.go:148.2,148.21 1 0
github.com/astra-go/astra/cmd/astractl/internal/tmpl/templates.go:151.38,152.45 1 0
github.com/astra-go/astra/cmd/astractl/internal/tmpl/templates.go:152.45,152.57 1 0
github.com/astra-go/astra/cmd/astractl/internal/tmpl/templates.go:153.2,153.27 1 0
github.com/astra-go/astra/cmd/astractl/internal/tmpl/templates.go:153.27,153.80 1 0
github.com/astra-go/astra/cmd/astractl/internal/tmpl/templates.go:154.2,154.22 1 0
github.com/astra-go/astra/cmd/astractl/internal/tmpl/templates.go:157.41,158.48 1 0
github.com/astra-go/astra/cmd/astractl/internal/tmpl/templates.go:158.48,158.60 1 0
github.com/astra-go/astra/cmd/astractl/internal/tmpl/templates.go:159.2,159.30 1 0
github.com/astra-go/astra/cmd/astractl/internal/tmpl/templates.go:159.30,159.92 1 0
github.com/astra-go/astra/cmd/astractl/internal/tmpl/templates.go:160.2,160.25 1 0
github.com/astra-go/astra/cmd/astractl/internal/tmpl/templates.go:163.36,164.43 1 0
github.com/astra-go/astra/cmd/astractl/internal/tmpl/templates.go:164.43,164.55 1 0
github.com/astra-go/astra/cmd/astractl/internal/tmpl/templates.go:165.2,165.25 1 0
github.com/astra-go/astra/cmd/astractl/internal/tmpl/templates.go:165.25,165.72 1 0
github.com/astra-go/astra/cmd/astractl/internal/tmpl/templates.go:166.2,166.20 1 0
github.com/astra-go/astra/cmd/astractl/internal/tmpl/templates.go:169.35,170.42 1 0
github.com/astra-go/astra/cmd/astractl/internal/tmpl/templates.go:170.42,170.54 1 0
github.com/astra-go/astra/cmd/astractl/internal/tmpl/templates.go:171.2,171.24 1 0
github.com/astra-go/astra/cmd/astractl/internal/tmpl/templates.go:171.24,171.68 1 0
github.com/astra-go/astra/cmd/astractl/internal/tmpl/templates.go:172.2,172.19 1 0
github.com/astra-go/astra/cmd/astractl/internal/tmpl/templates.go:175.46,176.53 1 0
github.com/astra-go/astra/cmd/astractl/internal/tmpl/templates.go:176.53,176.65 1 0
github.com/astra-go/astra/cmd/astractl/internal/tmpl/templates.go:177.2,177.31 1 0
github.com/astra-go/astra/cmd/astractl/internal/tmpl/templates.go:177.31,177.104 1 0
github.com/astra-go/astra/cmd/astractl/internal/tmpl/templates.go:178.2,178.26 1 0
github.com/astra-go/astra/cmd/astractl/internal/tmpl/templates.go:181.35,182.42 1 0
github.com/astra-go/astra/cmd/astractl/internal/tmpl/templates.go:182.42,182.54 1 0
github.com/astra-go/astra/cmd/astractl/internal/tmpl/templates.go:183.2,183.24 1 0
github.com/astra-go/astra/cmd/astractl/internal/tmpl/templates.go:183.24,183.68 1 0
github.com/astra-go/astra/cmd/astractl/internal/tmpl/templates.go:184.2,184.19 1 0
github.com/astra-go/astra/cmd/astractl/internal/tmpl/templates.go:187.33,188.40 1 0
github.com/astra-go/astra/cmd/astractl/internal/tmpl/templates.go:188.40,188.52 1 0
github.com/astra-go/astra/cmd/astractl/internal/tmpl/templates.go:189.2,189.22 1 0
github.com/astra-go/astra/cmd/astractl/internal/tmpl/templates.go:189.22,189.60 1 0
github.com/astra-go/astra/cmd/astractl/internal/tmpl/templates.go:190.2,190.17 1 0
github.com/astra-go/astra/cmd/astractl/internal/tmpl/templates.go:193.38,194.45 1 0
github.com/astra-go/astra/cmd/astractl/internal/tmpl/templates.go:194.45,194.57 1 0
github.com/astra-go/astra/cmd/astractl/internal/tmpl/templates.go:195.2,195.27 1 0
github.com/astra-go/astra/cmd/astractl/internal/tmpl/templates.go:195.27,195.80 1 0
github.com/astra-go/astra/cmd/astractl/internal/tmpl/templates.go:196.2,196.22 1 0
github.com/astra-go/astra/cmd/astractl/internal/tmpl/templates.go:199.32,200.39 1 0
github.com/astra-go/astra/cmd/astractl/internal/tmpl/templates.go:200.39,200.51 1 0
github.com/astra-go/astra/cmd/astractl/internal/tmpl/templates.go:201.2,201.21 1 0
github.com/astra-go/astra/cmd/astractl/internal/tmpl/templates.go:201.21,201.56 1 0
github.com/astra-go/astra/cmd/astractl/internal/tmpl/templates.go:202.2,202.16 1 0
github.com/astra-go/astra/cmd/astractl/internal/tmpl/templates.go:205.37,206.44 1 0
github.com/astra-go/astra/cmd/astractl/internal/tmpl/templates.go:206.44,206.56 1 0
github.com/astra-go/astra/cmd/astractl/internal/tmpl/templates.go:207.2,207.26 1 0
github.com/astra-go/astra/cmd/astractl/internal/tmpl/templates.go:207.26,207.76 1 0
[...]
github.com/astra-go/astra/validate/errors.go:161.16,162.33 1 0
github.com/astra-go/astra/validate/errors.go:165.16,166.42 1 1
github.com/astra-go/astra/validate/errors.go:167.18,168.108 1 1
github.com/astra-go/astra/validate/errors.go:169.18,170.80 1 1
github.com/astra-go/astra/validate/errors.go:171.17,172.36 1 1
github.com/astra-go/astra/validate/errors.go:173.19,174.36 1 1
github.com/astra-go/astra/validate/errors.go:176.10,177.70 1 1
github.com/astra-go/astra/validate/validate.go:65.51,65.67 1 1
github.com/astra-go/astra/validate/validate.go:78.62,79.30 1 1
github.com/astra-go/astra/validate/validate.go:79.30,81.3 1 1
github.com/astra-go/astra/validate/validate.go:89.89,90.30 1 1
github.com/astra-go/astra/validate/validate.go:90.30,93.3 2 1
github.com/astra-go/astra/validate/validate.go:100.43,101.30 1 1
github.com/astra-go/astra/validate/validate.go:101.30,103.3 1 1
github.com/astra-go/astra/validate/validate.go:110.37,119.25 4 1
github.com/astra-go/astra/validate/validate.go:119.25,121.3 1 1
github.com/astra-go/astra/validate/validate.go:122.2,122.12 1 1
github.com/astra-go/astra/validate/validate.go:125.57,126.63 1 1
github.com/astra-go/astra/validate/validate.go:126.63,127.85 1 1
github.com/astra-go/astra/validate/validate.go:127.85,129.4 1 1
github.com/astra-go/astra/validate/validate.go:131.2,131.17 1 1
github.com/astra-go/astra/validate/validate.go:144.43,145.40 1 1
github.com/astra-go/astra/validate/validate.go:145.40,147.3 1 1
github.com/astra-go/astra/validate/validate.go:148.2,148.12 1 1
github.com/astra-go/astra/validate/validate.go:154.56,155.46 1 1
github.com/astra-go/astra/validate/validate.go:155.46,157.3 1 1
github.com/astra-go/astra/validate/validate.go:158.2,158.12 1 1
github.com/astra-go/astra/validate/validate.go:163.113,166.2 2 1
github.com/astra-go/astra/validate/validate.go:169.57,171.2 1 1
github.com/astra-go/astra/validate/validate.go:180.30,181.24 1 1
github.com/astra-go/astra/validate/validate.go:181.24,181.52 1 1
github.com/astra-go/astra/validate/validate.go:182.2,182.25 1 1
github.com/astra-go/astra/validate/validate.go:186.26,186.59 1 1
github.com/astra-go/astra/validate/validate.go:189.39,189.78 1 1
github.com/astra-go/astra/validate/validate.go:192.62,194.2 1 1
github.com/astra-go/astra/validate/validate.go:197.40,197.83 1 1
github.com/astra-go/astra/validate/validate.go:218.46,224.2 5 1
github.com/astra-go/astra/validate/validate.go:227.51,229.2 1 1
github.com/astra-go/astra/validate/validate.go:232.53,239.2 2 1
github.com/astra-go/astra/validate/validate.go:242.53,244.2 1 1
github.com/astra-go/astra/validate/validate.go:247.51,249.2 1 1
github.com/astra-go/astra/validate/validate.go:252.53,254.2 1 1
github.com/astra-go/astra/cron/cron.go:60.43,60.53 1 1
github.com/astra-go/astra/cron/cron.go:90.32,106.2 4 1
github.com/astra-go/astra/cron/cron.go:112.72,113.12 1 1
github.com/astra-go/astra/cron/cron.go:113.12,115.3 1 1
github.com/astra-go/astra/cron/cron.go:116.2,117.36 2 1
github.com/astra-go/astra/cron/cron.go:129.60,131.2 1 1
github.com/astra-go/astra/cron/cron.go:133.64,135.38 2 1
github.com/astra-go/astra/cron/cron.go:135.38,136.23 1 1
github.com/astra-go/astra/cron/cron.go:136.23,138.4 1 0
github.com/astra-go/astra/cron/cron.go:139.3,139.15 1 1
github.com/astra-go/astra/cron/cron.go:141.2,141.16 1 1
github.com/astra-go/astra/cron/cron.go:141.16,143.3 1 0
github.com/astra-go/astra/cron/cron.go:144.2,147.12 4 1
github.com/astra-go/astra/cron/cron.go:152.47,157.2 4 1
github.com/astra-go/astra/cron/cron.go:161.29,164.2 2 1
github.com/astra-go/astra/cron/cron.go:167.39,173.24 5 1
github.com/astra-go/astra/cron/cron.go:173.24,180.3 1 1
github.com/astra-go/astra/cron/cron.go:181.2,181.12 1 1
github.com/astra-go/astra/cron/cron.go:191.57,196.9 3 1
github.com/astra-go/astra/cron/cron.go:197.24,199.13 2 1
github.com/astra-go/astra/cron/cron.go:200.20,201.61 1 0
github.com/astra-go/astra/netengine/conn.go:73.47,73.72 1 1
github.com/astra-go/astra/netengine/conn.go:75.72,82.18 7 1
github.com/astra-go/astra/netengine/conn.go:82.18,84.3 1 1
github.com/astra-go/astra/netengine/conn.go:84.8,86.3 1 1
github.com/astra-go/astra/netengine/conn.go:90.2,90.26 1 1
github.com/astra-go/astra/netengine/conn.go:90.26,92.3 1 1
github.com/astra-go/astra/netengine/conn.go:93.2,93.11 1 1
github.com/astra-go/astra/netengine/conn.go:96.38,104.2 3 1
github.com/astra-go/astra/netengine/conn.go:114.33,115.37 1 1
github.com/astra-go/astra/netengine/conn.go:115.37,118.40 3 0
github.com/astra-go/astra/netengine/conn.go:118.40,122.4 3 0
github.com/astra-go/astra/netengine/conn.go:123.3,125.50 2 0
github.com/astra-go/astra/netengine/conn.go:125.50,126.55 1 0
github.com/astra-go/astra/netengine/conn.go:126.55,134.5 3 0
github.com/astra-go/astra/netengine/conn.go:138.2,139.30 2 1
github.com/astra-go/astra/netengine/conn.go:139.30,142.3 2 1
github.com/astra-go/astra/netengine/conn.go:146.2,146.23 1 1
github.com/astra-go/astra/netengine/conn.go:150.66,152.25 2 1
github.com/astra-go/astra/netengine/conn.go:152.25,154.3 1 1
github.com/astra-go/astra/netengine/conn.go:156.2,157.16 2 1
github.com/astra-go/astra/netengine/conn.go:157.16,159.3 1 1
github.com/astra-go/astra/netengine/conn.go:160.2,172.16 7 1
github.com/astra-go/astra/netengine/conn.go:172.16,174.3 1 0
github.com/astra-go/astra/netengine/conn.go:176.2,176.26 1 1
github.com/astra-go/astra/netengine/conn.go:176.26,178.3 1 1
github.com/astra-go/astra/netengine/conn.go:179.2,183.23 4 1
github.com/astra-go/astra/netengine/conn.go:187.65,188.61 1 1
github.com/astra-go/astra/netengine/conn.go:188.61,190.3 1 0
github.com/astra-go/astra/netengine/conn.go:191.2,191.48 1 1
github.com/astra-go/astra/netengine/conn.go:191.48,193.3 1 0
github.com/astra-go/astra/netengine/conn.go:194.2,194.66 1 1
github.com/astra-go/astra/netengine/conn.go:209.18,211.3 1 1
github.com/astra-go/astra/netengine/conn.go:220.13,221.38 1 1
github.com/astra-go/astra/netengine/conn.go:221.38,222.48 1 1
github.com/astra-go/astra/netengine/conn.go:222.48,224.4 1 1
github.com/astra-go/astra/netengine/conn.go:228.34,229.31 1 1
github.com/astra-go/astra/netengine/conn.go:229.31,230.42 1 1
github.com/astra-go/astra/netengine/conn.go:230.42,232.4 1 1
github.com/astra-go/astra/netengine/conn.go:234.2,234.57 1 1
github.com/astra-go/astra/netengine/conn.go:242.18,242.61 1 1
github.com/astra-go/astra/netengine/conn.go:245.40,250.27 5 1
github.com/astra-go/astra/netengine/conn.go:250.27,252.3 1 1
github.com/astra-go/astra/netengine/conn.go:253.2,253.11 1 1
github.com/astra-go/astra/netengine/conn.go:256.42,256.63 1 1
github.com/astra-go/astra/netengine/conn.go:258.50,258.69 1 1
github.com/astra-go/astra/netengine/conn.go:260.51,261.14 1 1
github.com/astra-go/astra/netengine/conn.go:261.14,264.3 2 1
github.com/astra-go/astra/netengine/conn.go:267.58,271.2 3 1
github.com/astra-go/astra/netengine/conn.go:284.77,294.32 6 1
github.com/astra-go/astra/netengine/conn.go:294.32,298.3 3 1
github.com/astra-go/astra/netengine/conn.go:304.2,310.30 5 1
github.com/astra-go/astra/netengine/conn.go:310.30,311.24 1 1
github.com/astra-go/astra/netengine/conn.go:311.24,316.4 4 1
github.com/astra-go/astra/netengine/conn.go:320.2,325.40 2 1
github.com/astra-go/astra/netengine/conn.go:325.40,327.3 1 1
github.com/astra-go/astra/netengine/conn.go:329.2,332.12 4 1
github.com/astra-go/astra/netengine/conn.go:338.38,343.9 3 1
github.com/astra-go/astra/netengine/conn.go:343.9,345.3 1 1
github.com/astra-go/astra/netengine/conn.go:346.2,347.16 2 1
github.com/astra-go/astra/netengine/conn.go:347.16,349.3 1 0
github.com/astra-go/astra/netengine/conn.go:350.2,351.39 2 1
github.com/astra-go/astra/netengine/conn.go:351.39,351.54 1 1
github.com/astra-go/astra/netengine/conn.go:351.68,353.3 1 0
github.com/astra-go/astra/netengine/conn.go:354.2,354.16 1 1
github.com/astra-go/astra/netengine/engine.go:58.39,59.21 1 1
github.com/astra-go/astra/netengine/engine.go:59.21,61.3 1 1
github.com/astra-go/astra/netengine/engine.go:62.2,62.27 1 1
github.com/astra-go/astra/netengine/engine.go:62.27,64.3 1 1
github.com/astra-go/astra/netengine/engine.go:65.2,65.27 1 1
github.com/astra-go/astra/netengine/engine.go:65.27,67.3 1 1
github.com/astra-go/astra/netengine/engine.go:68.2,68.24 1 1
github.com/astra-go/astra/netengine/engine.go:68.24,70.3 1 1
github.com/astra-go/astra/netengine/engine.go:71.2,71.25 1 1
github.com/astra-go/astra/netengine/engine.go:71.25,73.3 1 1
github.com/astra-go/astra/netengine/engine.go:74.2,74.30 1 1
github.com/astra-go/astra/netengine/engine.go:74.30,76.3 1 1
github.com/astra-go/astra/netengine/engine.go:77.2,77.32 1 1
github.com/astra-go/astra/netengine/engine.go:77.32,79.3 1 1
github.com/astra-go/astra/netengine/engine.go:80.2,80.21 1 1
github.com/astra-go/astra/netengine/engine.go:80.21,82.3 1 1
github.com/astra-go/astra/netengine/engine.go:112.68,121.25 4 1
github.com/astra-go/astra/netengine/engine.go:121.25,123.17 2 1
github.com/astra-go/astra/netengine/engine.go:123.17,125.21 1 0
github.com/astra-go/astra/netengine/engine.go:125.21,127.5 1 0
github.com/astra-go/astra/netengine/engine.go:128.4,129.19 2 0
github.com/astra-go/astra/netengine/engine.go:131.3,131.20 1 1
github.com/astra-go/astra/netengine/engine.go:133.2,133.15 1 1
github.com/astra-go/astra/netengine/engine.go:139.48,141.2 1 1
github.com/astra-go/astra/netengine/engine.go:145.47,148.31 2 1
github.com/astra-go/astra/netengine/engine.go:148.31,150.3 1 1
github.com/astra-go/astra/netengine/engine.go:153.2,153.6 1 1
github.com/astra-go/astra/netengine/engine.go:153.6,155.17 2 1
github.com/astra-go/astra/netengine/engine.go:155.17,157.11 1 1
github.com/astra-go/astra/netengine/engine.go:158.22,160.34 1 0
github.com/astra-go/astra/netengine/engine.go:160.34,162.6 1 0
github.com/astra-go/astra/netengine/engine.go:163.5,165.15 3 0
github.com/astra-go/astra/netengine/engine.go:166.12,166.12 0 1
github.com/astra-go/astra/netengine/engine.go:172.4,172.33 1 1
github.com/astra-go/astra/netengine/engine.go:172.33,176.13 3 0
github.com/astra-go/astra/netengine/engine.go:179.4,179.24 1 1
github.com/astra-go/astra/netengine/engine.go:179.24,180.13 1 0
github.com/astra-go/astra/netengine/engine.go:182.4,182.33 1 1
github.com/astra-go/astra/netengine/engine.go:182.33,184.5 1 1
github.com/astra-go/astra/netengine/engine.go:185.4,187.14 3 1
github.com/astra-go/astra/netengine/engine.go:189.3,191.39 3 1
github.com/astra-go/astra/netengine/engine.go:197.26,198.31 1 1
github.com/astra-go/astra/netengine/engine.go:198.31,200.3 1 1
github.com/astra-go/astra/netengine/engine.go:201.2,201.18 1 1
github.com/astra-go/astra/netengine/engine.go:205.38,207.2 1 1
github.com/astra-go/astra/netengine/engine.go:210.33,210.56 1 1
github.com/astra-go/astra/netengine/engine.go:213.39,213.70 1 1
github.com/astra-go/astra/netengine/engine.go:217.43,219.2 1 1
github.com/astra-go/astra/netengine/engine_unix.go:26.34,28.16 2 1
github.com/astra-go/astra/netengine/engine_unix.go:28.16,30.3 1 1
github.com/astra-go/astra/netengine/engine_unix.go:34.2,34.15 1 1
github.com/astra-go/astra/netengine/engine_unix.go:35.59,36.14 1 1
github.com/astra-go/astra/netengine/engine_unix.go:38.2,38.14 1 1
github.com/astra-go/astra/netengine/engine_unix.go:51.43,53.16 2 1
github.com/astra-go/astra/netengine/engine_unix.go:53.16,55.3 1 1
github.com/astra-go/astra/netengine/engine_unix.go:56.2,56.15 1 1
github.com/astra-go/astra/netengine/engine_unix.go:57.71,58.14 1 1
github.com/astra-go/astra/netengine/engine_unix.go:60.2,60.14 1 1
github.com/astra-go/astra/netengine/engine_unix.go:65.44,67.26 2 1
github.com/astra-go/astra/netengine/engine_unix.go:67.26,69.3 1 1
github.com/astra-go/astra/netengine/engine_unix.go:70.2,71.29 2 1
github.com/astra-go/astra/netengine/engine_unix.go:71.29,73.3 1 1
github.com/astra-go/astra/netengine/engine_unix.go:74.2,74.45 1 1
github.com/astra-go/astra/netengine/engine_unix.go:74.45,76.3 1 1
github.com/astra-go/astra/netengine/engine_unix.go:77.2,77.10 1 0
github.com/astra-go/astra/netengine/event_loop.go:29.58,36.16 3 1
github.com/astra-go/astra/netengine/event_loop.go:36.16,38.3 1 0
github.com/astra-go/astra/netengine/event_loop.go:39.2,40.18 2 1
github.com/astra-go/astra/netengine/event_loop.go:54.52,56.16 2 1
github.com/astra-go/astra/netengine/event_loop.go:56.16,61.3 4 0
github.com/astra-go/astra/netengine/event_loop.go:62.2,66.48 4 1
github.com/astra-go/astra/netengine/event_loop.go:66.48,81.3 8 1
github.com/astra-go/astra/netengine/event_loop.go:88.27,90.6 2 1
github.com/astra-go/astra/netengine/event_loop.go:90.6,91.10 1 1
github.com/astra-go/astra/netengine/event_loop.go:92.17,93.10 1 1
github.com/astra-go/astra/netengine/event_loop.go:94.11,94.11 0 1
github.com/astra-go/astra/netengine/event_loop.go:97.3,98.17 2 1
github.com/astra-go/astra/netengine/event_loop.go:98.17,101.11 1 1
github.com/astra-go/astra/netengine/event_loop.go:102.18,103.11 1 1
github.com/astra-go/astra/netengine/event_loop.go:104.12,104.12 0 0
github.com/astra-go/astra/netengine/event_loop.go:106.4,107.10 2 0
github.com/astra-go/astra/netengine/event_loop.go:110.3,110.20 1 1
github.com/astra-go/astra/netengine/event_loop.go:110.20,112.4 1 1
github.com/astra-go/astra/netengine/event_loop.go:119.47,121.9 2 1
github.com/astra-go/astra/netengine/event_loop.go:121.9,123.3 1 0
github.com/astra-go/astra/netengine/event_loop.go:124.2,136.17 2 1
github.com/astra-go/astra/netengine/event_loop.go:136.17,138.59 1 1
github.com/astra-go/astra/netengine/event_loop.go:138.59,140.4 1 0
github.com/astra-go/astra/netengine/event_loop.go:142.3,142.49 1 1
github.com/astra-go/astra/netengine/event_loop.go:142.49,155.4 9 1
github.com/astra-go/astra/netengine/event_loop.go:156.3,156.9 1 1
github.com/astra-go/astra/netengine/event_loop.go:158.2,158.29 1 0
github.com/astra-go/astra/netengine/event_loop.go:158.29,160.3 1 0
github.com/astra-go/astra/netengine/event_loop.go:178.46,180.31 2 1
github.com/astra-go/astra/netengine/event_loop.go:180.31,182.17 2 1
github.com/astra-go/astra/netengine/event_loop.go:182.17,184.4 1 1
github.com/astra-go/astra/netengine/event_loop.go:185.8,187.3 1 1
github.com/astra-go/astra/netengine/event_loop.go:189.2,189.16 1 1
github.com/astra-go/astra/netengine/event_loop.go:189.16,192.60 1 0
github.com/astra-go/astra/netengine/event_loop.go:192.60,197.4 4 0
github.com/astra-go/astra/netengine/event_loop.go:198.3,198.9 1 0
github.com/astra-go/astra/netengine/event_loop.go:202.2,202.27 1 1
github.com/astra-go/astra/netengine/event_loop.go:208.46,209.54 1 0
github.com/astra-go/astra/netengine/event_loop.go:209.54,211.3 1 0
github.com/astra-go/astra/netengine/event_loop.go:212.2,213.31 2 0
github.com/astra-go/astra/netengine/event_loop.go:213.31,215.3 1 0
github.com/astra-go/astra/netengine/event_loop.go:216.2,218.22 3 0
github.com/astra-go/astra/netengine/event_loop.go:224.52,225.60 1 1
github.com/astra-go/astra/netengine/event_loop.go:225.60,227.3 1 0
github.com/astra-go/astra/netengine/event_loop.go:228.2,229.31 2 1
github.com/astra-go/astra/netengine/event_loop.go:229.31,231.3 1 1
github.com/astra-go/astra/netengine/event_loop.go:232.2,234.22 3 1
github.com/astra-go/astra/netengine/event_loop.go:250.29,273.38 3 1
github.com/astra-go/astra/netengine/event_loop.go:273.38,275.54 2 1
github.com/astra-go/astra/netengine/event_loop.go:275.54,276.33 1 1
github.com/astra-go/astra/netengine/event_loop.go:276.33,278.5 1 1
github.com/astra-go/astra/netengine/event_loop.go:279.4,281.24 3 1
github.com/astra-go/astra/netengine/event_loop.go:282.9,282.48 1 1
github.com/astra-go/astra/netengine/event_loop.go:282.48,286.4 1 1
github.com/astra-go/astra/netengine/event_loop.go:287.3,287.14 1 1
github.com/astra-go/astra/netengine/event_loop.go:293.2,293.18 1 1
github.com/astra-go/astra/netengine/listen_unix.go:43.77,44.17 1 1
github.com/astra-go/astra/netengine/listen_unix.go:45.29,45.29 0 1
github.com/astra-go/astra/netengine/listen_unix.go:46.10,47.100 1 1
github.com/astra-go/astra/netengine/listen_unix.go:50.2,51.36 2 1
github.com/astra-go/astra/netengine/listen_unix.go:51.36,53.3 1 1
github.com/astra-go/astra/netengine/listen_unix.go:55.2,56.55 1 1
github.com/astra-go/astra/netengine/listen_unix.go:56.55,58.42 2 1
github.com/astra-go/astra/netengine/listen_unix.go:58.42,59.23 1 1
github.com/astra-go/astra/netengine/listen_unix.go:59.23,60.114 1 1
github.com/astra-go/astra/netengine/listen_unix.go:60.114,62.7 1 0
github.com/astra-go/astra/netengine/listen_unix.go:64.5,64.22 1 1
github.com/astra-go/astra/netengine/listen_unix.go:64.22,65.75 1 1
github.com/astra-go/astra/netengine/listen_unix.go:65.75,67.7 1 1
github.com/astra-go/astra/netengine/listen_unix.go:70.4,70.22 1 1
github.com/astra-go/astra/netengine/listen_unix.go:70.22,72.5 1 0
github.com/astra-go/astra/netengine/listen_unix.go:73.4,73.19 1 1
github.com/astra-go/astra/netengine/listen_unix.go:76.2,76.55 1 1
github.com/astra-go/astra/netengine/listen_unix.go:98.66,99.17 1 1
github.com/astra-go/astra/netengine/listen_unix.go:100.29,100.29 0 1
github.com/astra-go/astra/netengine/listen_unix.go:101.10,102.109 1 1
github.com/astra-go/astra/netengine/listen_unix.go:104.2,104.62 1 1
github.com/astra-go/astra/netengine/poller_bsd.go:16.53,18.16 2 1
github.com/astra-go/astra/netengine/poller_bsd.go:18.16,20.3 1 0
github.com/astra-go/astra/netengine/poller_bsd.go:21.2,22.41 2 1
github.com/astra-go/astra/netengine/poller_bsd.go:22.41,25.3 2 0
github.com/astra-go/astra/netengine/poller_bsd.go:26.2,36.28 4 1
github.com/astra-go/astra/netengine/poller_bsd.go:36.28,41.3 4 0
github.com/astra-go/astra/netengine/poller_bsd.go:42.2,42.15 1 1
github.com/astra-go/astra/netengine/poller_bsd.go:47.42,54.2 2 1
github.com/astra-go/astra/netengine/poller_bsd.go:57.42,64.2 2 1
github.com/astra-go/astra/netengine/poller_bsd.go:66.42,73.2 2 1
github.com/astra-go/astra/netengine/poller_bsd.go:75.62,76.34 1 1
github.com/astra-go/astra/netengine/poller_bsd.go:76.34,78.3 1 0
github.com/astra-go/astra/netengine/poller_bsd.go:79.2,80.6 2 1
github.com/astra-go/astra/netengine/poller_bsd.go:80.6,82.17 2 1
github.com/astra-go/astra/netengine/poller_bsd.go:82.17,83.25 1 1
github.com/astra-go/astra/netengine/poller_bsd.go:83.25,84.13 1 0
github.com/astra-go/astra/netengine/poller_bsd.go:86.4,86.17 1 1
github.com/astra-go/astra/netengine/poller_bsd.go:88.3,89.20 2 1
github.com/astra-go/astra/netengine/poller_bsd.go:89.20,92.32 2 1
github.com/astra-go/astra/netengine/poller_bsd.go:92.32,94.9 2 1
github.com/astra-go/astra/netengine/poller_bsd.go:94.9,95.54 1 1
github.com/astra-go/astra/netengine/poller_bsd.go:95.54,96.12 1 1
github.com/astra-go/astra/netengine/poller_bsd.go:99.5,99.13 1 1
github.com/astra-go/astra/netengine/poller_bsd.go:101.4,105.11 5 1
github.com/astra-go/astra/netengine/poller_bsd.go:107.3,107.20 1 1
github.com/astra-go/astra/netengine/poller_bsd.go:111.33,113.2 1 1
github.com/astra-go/astra/netengine/poller_bsd.go:115.38,119.2 3 1
github.com/astra-go/astra/netengine/tfo_linux_darwin.go:14.52,16.2 1 1
github.com/astra-go/astra/netengine/worker_pool.go:16.42,21.28 2 1
github.com/astra-go/astra/netengine/worker_pool.go:21.28,23.13 2 1
github.com/astra-go/astra/netengine/worker_pool.go:23.13,25.8 2 1
github.com/astra-go/astra/netengine/worker_pool.go:25.8,26.12 1 1
github.com/astra-go/astra/netengine/worker_pool.go:27.32,28.13 1 1
github.com/astra-go/astra/netengine/worker_pool.go:28.13,30.7 1 0
github.com/astra-go/astra/netengine/worker_pool.go:31.6,31.12 1 1
github.com/astra-go/astra/netengine/worker_pool.go:32.19,33.12 1 1
github.com/astra-go/astra/netengine/worker_pool.go:38.2,38.10 1 1
github.com/astra-go/astra/netengine/worker_pool.go:43.42,44.9 1 1
github.com/astra-go/astra/netengine/worker_pool.go:45.23,45.23 0 1
github.com/astra-go/astra/netengine/worker_pool.go:46.16,46.16 0 0
github.com/astra-go/astra/netengine/worker_pool.go:54.50,55.9 1 1
github.com/astra-go/astra/netengine/worker_pool.go:56.23,57.14 1 1
github.com/astra-go/astra/netengine/worker_pool.go:58.10,59.15 1 1
github.com/astra-go/astra/netengine/worker_pool.go:64.29,67.2 2 1
