mode: atomic
github.com/astra-go/astra/discovery/consul.go:39.60,41.2 1 0
github.com/astra-go/astra/discovery/consul.go:44.76,46.16 2 0
github.com/astra-go/astra/discovery/consul.go:46.16,48.3 1 0
github.com/astra-go/astra/discovery/consul.go:49.2,49.39 1 0
github.com/astra-go/astra/discovery/consul.go:53.89,54.23 1 0
github.com/astra-go/astra/discovery/consul.go:54.23,56.3 1 0
github.com/astra-go/astra/discovery/consul.go:57.2,57.26 1 0
github.com/astra-go/astra/discovery/consul.go:57.26,59.3 1 0
github.com/astra-go/astra/discovery/consul.go:60.2,60.27 1 0
github.com/astra-go/astra/discovery/consul.go:60.27,62.3 1 0
github.com/astra-go/astra/discovery/consul.go:64.2,65.16 2 0
github.com/astra-go/astra/discovery/consul.go:65.16,67.3 1 0
github.com/astra-go/astra/discovery/consul.go:70.2,71.38 2 0
github.com/astra-go/astra/discovery/consul.go:71.38,73.3 1 0
github.com/astra-go/astra/discovery/consul.go:74.2,90.113 4 0
github.com/astra-go/astra/discovery/consul.go:90.113,92.3 1 0
github.com/astra-go/astra/discovery/consul.go:95.2,95.12 1 0
github.com/astra-go/astra/discovery/consul.go:95.12,99.7 4 0
github.com/astra-go/astra/discovery/consul.go:99.7,100.11 1 0
github.com/astra-go/astra/discovery/consul.go:101.22,102.11 1 0
github.com/astra-go/astra/discovery/consul.go:103.20,104.51 1 0
github.com/astra-go/astra/discovery/consul.go:109.2,109.12 1 0
github.com/astra-go/astra/discovery/consul.go:113.81,114.71 1 0
github.com/astra-go/astra/discovery/consul.go:114.71,116.3 1 0
github.com/astra-go/astra/discovery/consul.go:117.2,117.12 1 0
github.com/astra-go/astra/discovery/consul.go:121.102,123.16 2 0
github.com/astra-go/astra/discovery/consul.go:123.16,125.3 1 0
github.com/astra-go/astra/discovery/consul.go:126.2,126.24 1 0
github.com/astra-go/astra/discovery/consul.go:126.24,128.3 1 0
github.com/astra-go/astra/discovery/consul.go:130.2,131.29 2 0
github.com/astra-go/astra/discovery/consul.go:131.29,133.17 2 0
github.com/astra-go/astra/discovery/consul.go:133.17,135.4 1 0
github.com/astra-go/astra/discovery/consul.go:136.3,137.76 2 0
github.com/astra-go/astra/discovery/consul.go:137.76,139.4 1 0
github.com/astra-go/astra/discovery/consul.go:140.3,141.19 2 0
github.com/astra-go/astra/discovery/consul.go:141.19,143.4 1 0
github.com/astra-go/astra/discovery/consul.go:144.3,151.5 1 0
github.com/astra-go/astra/discovery/consul.go:153.2,153.20 1 0
github.com/astra-go/astra/discovery/consul.go:157.108,161.64 2 0
github.com/astra-go/astra/discovery/consul.go:161.64,162.10 1 0
github.com/astra-go/astra/discovery/consul.go:163.24,163.24 0 0
github.com/astra-go/astra/discovery/consul.go:164.11,164.11 0 0
github.com/astra-go/astra/discovery/consul.go:168.2,168.12 1 0
github.com/astra-go/astra/discovery/consul.go:168.12,171.7 3 0
github.com/astra-go/astra/discovery/consul.go:171.7,172.24 1 0
github.com/astra-go/astra/discovery/consul.go:172.24,174.5 1 0
github.com/astra-go/astra/discovery/consul.go:175.4,180.18 2 0
github.com/astra-go/astra/discovery/consul.go:180.18,181.12 1 0
github.com/astra-go/astra/discovery/consul.go:182.23,183.12 1 0
github.com/astra-go/astra/discovery/consul.go:184.40,185.14 1 0
github.com/astra-go/astra/discovery/consul.go:188.4,188.35 1 0
github.com/astra-go/astra/discovery/consul.go:188.35,189.13 1 0
github.com/astra-go/astra/discovery/consul.go:191.4,194.31 3 0
github.com/astra-go/astra/discovery/consul.go:194.31,196.19 2 0
github.com/astra-go/astra/discovery/consul.go:196.19,198.6 1 0
github.com/astra-go/astra/discovery/consul.go:199.5,200.78 2 0
github.com/astra-go/astra/discovery/consul.go:200.78,202.6 1 0
github.com/astra-go/astra/discovery/consul.go:203.5,204.21 2 0
github.com/astra-go/astra/discovery/consul.go:204.21,206.6 1 0
github.com/astra-go/astra/discovery/consul.go:207.5,214.7 1 0
github.com/astra-go/astra/discovery/consul.go:217.4,217.11 1 0
github.com/astra-go/astra/discovery/consul.go:218.22,218.22 0 0
github.com/astra-go/astra/discovery/consul.go:219.22,220.11 1 0
github.com/astra-go/astra/discovery/consul.go:221.12,221.12 0 0
github.com/astra-go/astra/discovery/consul.go:226.2,226.16 1 0
github.com/astra-go/astra/discovery/consul.go:230.40,230.54 1 0
github.com/astra-go/astra/discovery/consul.go:233.60,237.38 3 0
github.com/astra-go/astra/discovery/consul.go:237.38,238.21 1 0
github.com/astra-go/astra/discovery/consul.go:238.21,241.9 3 0
github.com/astra-go/astra/discovery/consul.go:244.2,244.19 1 0
github.com/astra-go/astra/discovery/consul.go:244.19,246.3 1 0
github.com/astra-go/astra/discovery/consul.go:247.2,248.16 2 0
github.com/astra-go/astra/discovery/consul.go:248.16,250.3 1 0
github.com/astra-go/astra/discovery/consul.go:251.2,251.24 1 0
github.com/astra-go/astra/discovery/discovery.go:85.46,90.2 1 18
github.com/astra-go/astra/discovery/discovery.go:93.89,94.23 1 67
github.com/astra-go/astra/discovery/discovery.go:94.23,96.3 1 1
github.com/astra-go/astra/discovery/discovery.go:97.2,97.26 1 66
github.com/astra-go/astra/discovery/discovery.go:97.26,99.3 1 66
github.com/astra-go/astra/discovery/discovery.go:100.2,100.27 1 66
github.com/astra-go/astra/discovery/discovery.go:100.27,102.3 1 66
github.com/astra-go/astra/discovery/discovery.go:104.2,110.12 6 66
github.com/astra-go/astra/discovery/discovery.go:114.83,117.8 3 54
github.com/astra-go/astra/discovery/discovery.go:117.8,119.3 1 42
github.com/astra-go/astra/discovery/discovery.go:120.2,121.8 2 54
github.com/astra-go/astra/discovery/discovery.go:121.8,123.3 1 42
github.com/astra-go/astra/discovery/discovery.go:124.2,124.12 1 54
github.com/astra-go/astra/discovery/discovery.go:128.104,133.35 4 65
github.com/astra-go/astra/discovery/discovery.go:133.35,134.31 1 752
github.com/astra-go/astra/discovery/discovery.go:134.31,137.4 2 751
github.com/astra-go/astra/discovery/discovery.go:139.2,139.22 1 65
github.com/astra-go/astra/discovery/discovery.go:139.22,141.3 1 5
github.com/astra-go/astra/discovery/discovery.go:142.2,142.20 1 60
github.com/astra-go/astra/discovery/discovery.go:147.110,155.64 5 5
github.com/astra-go/astra/discovery/discovery.go:155.64,156.10 1 2
github.com/astra-go/astra/discovery/discovery.go:157.24,157.24 0 2
github.com/astra-go/astra/discovery/discovery.go:158.11,158.11 0 0
github.com/astra-go/astra/discovery/discovery.go:163.2,163.12 1 5
github.com/astra-go/astra/discovery/discovery.go:163.12,167.30 4 5
github.com/astra-go/astra/discovery/discovery.go:167.30,168.15 1 5
github.com/astra-go/astra/discovery/discovery.go:168.15,170.10 2 5
github.com/astra-go/astra/discovery/discovery.go:173.3,174.12 2 5
github.com/astra-go/astra/discovery/discovery.go:177.2,177.16 1 5
github.com/astra-go/astra/discovery/discovery.go:181.42,181.56 1 1
github.com/astra-go/astra/discovery/discovery.go:185.55,188.35 3 108
github.com/astra-go/astra/discovery/discovery.go:188.35,189.31 1 1177
github.com/astra-go/astra/discovery/discovery.go:189.31,192.4 2 1176
github.com/astra-go/astra/discovery/discovery.go:194.2,197.30 3 108
github.com/astra-go/astra/discovery/discovery.go:197.30,198.10 1 2
github.com/astra-go/astra/discovery/discovery.go:199.24,199.24 0 2
github.com/astra-go/astra/discovery/discovery.go:200.11,200.11 0 0
github.com/astra-go/astra/discovery/etcd.go:42.76,43.18 1 0
github.com/astra-go/astra/discovery/etcd.go:43.18,45.3 1 0
github.com/astra-go/astra/discovery/etcd.go:46.2,50.3 1 0
github.com/astra-go/astra/discovery/etcd.go:53.70,55.2 1 0
github.com/astra-go/astra/discovery/etcd.go:58.87,59.23 1 0
github.com/astra-go/astra/discovery/etcd.go:59.23,61.3 1 0
github.com/astra-go/astra/discovery/etcd.go:62.2,62.26 1 0
github.com/astra-go/astra/discovery/etcd.go:62.26,64.3 1 0
github.com/astra-go/astra/discovery/etcd.go:65.2,65.27 1 0
github.com/astra-go/astra/discovery/etcd.go:65.27,67.3 1 0
github.com/astra-go/astra/discovery/etcd.go:69.2,70.16 2 0
github.com/astra-go/astra/discovery/etcd.go:70.16,72.3 1 0
github.com/astra-go/astra/discovery/etcd.go:75.2,76.16 2 0
github.com/astra-go/astra/discovery/etcd.go:76.16,78.3 1 0
github.com/astra-go/astra/discovery/etcd.go:80.2,82.16 2 0
github.com/astra-go/astra/discovery/etcd.go:82.16,84.3 1 0
github.com/astra-go/astra/discovery/etcd.go:86.2,91.12 4 0
github.com/astra-go/astra/discovery/etcd.go:91.12,93.17 2 0
github.com/astra-go/astra/discovery/etcd.go:93.17,95.4 1 0
github.com/astra-go/astra/discovery/etcd.go:96.3,96.18 1 0
github.com/astra-go/astra/discovery/etcd.go:96.19,98.4 0 0
github.com/astra-go/astra/discovery/etcd.go:101.2,101.12 1 0
github.com/astra-go/astra/discovery/etcd.go:105.81,108.8 3 0
github.com/astra-go/astra/discovery/etcd.go:108.8,110.3 1 0
github.com/astra-go/astra/discovery/etcd.go:111.2,113.8 2 0
github.com/astra-go/astra/discovery/etcd.go:113.8,114.58 1 0
github.com/astra-go/astra/discovery/etcd.go:114.58,116.4 1 0
github.com/astra-go/astra/discovery/etcd.go:118.2,118.12 1 0
github.com/astra-go/astra/discovery/etcd.go:122.102,125.16 3 0
github.com/astra-go/astra/discovery/etcd.go:125.16,127.3 1 0
github.com/astra-go/astra/discovery/etcd.go:129.2,130.30 2 0
github.com/astra-go/astra/discovery/etcd.go:130.30,132.57 2 0
github.com/astra-go/astra/discovery/etcd.go:132.57,133.12 1 0
github.com/astra-go/astra/discovery/etcd.go:135.3,135.33 1 0
github.com/astra-go/astra/discovery/etcd.go:137.2,137.22 1 0
github.com/astra-go/astra/discovery/etcd.go:137.22,139.3 1 0
github.com/astra-go/astra/discovery/etcd.go:140.2,140.20 1 0
github.com/astra-go/astra/discovery/etcd.go:144.106,149.64 3 0
github.com/astra-go/astra/discovery/etcd.go:149.64,150.10 1 0
github.com/astra-go/astra/discovery/etcd.go:151.24,151.24 0 0
github.com/astra-go/astra/discovery/etcd.go:152.11,152.11 0 0
github.com/astra-go/astra/discovery/etcd.go:156.2,157.12 2 0
github.com/astra-go/astra/discovery/etcd.go:157.12,159.7 2 0
github.com/astra-go/astra/discovery/etcd.go:159.7,160.11 1 0
github.com/astra-go/astra/discovery/etcd.go:161.22,162.11 1 0
github.com/astra-go/astra/discovery/etcd.go:163.31,164.33 1 0
github.com/astra-go/astra/discovery/etcd.go:164.33,166.6 1 0
github.com/astra-go/astra/discovery/etcd.go:168.5,169.19 2 0
github.com/astra-go/astra/discovery/etcd.go:169.19,171.6 1 0
github.com/astra-go/astra/discovery/etcd.go:172.5,172.12 1 0
github.com/astra-go/astra/discovery/etcd.go:173.26,173.26 0 0
github.com/astra-go/astra/discovery/etcd.go:174.23,175.12 1 0
github.com/astra-go/astra/discovery/etcd.go:176.13,176.13 0 0
github.com/astra-go/astra/discovery/etcd.go:182.2,182.16 1 0
github.com/astra-go/astra/discovery/etcd.go:186.38,188.2 1 0
github.com/astra-go/astra/discovery/etcd.go:191.89,192.18 1 0
github.com/astra-go/astra/discovery/etcd.go:192.18,194.3 1 0
github.com/astra-go/astra/discovery/etcd.go:195.2,198.4 1 0
github.com/astra-go/astra/discovery/k8s.go:47.35,48.23 1 2
github.com/astra-go/astra/discovery/k8s.go:48.23,50.3 1 2
github.com/astra-go/astra/discovery/k8s.go:80.58,86.19 4 2
github.com/astra-go/astra/discovery/k8s.go:86.19,88.3 1 1
github.com/astra-go/astra/discovery/k8s.go:88.8,90.31 2 1
github.com/astra-go/astra/discovery/k8s.go:90.31,92.4 1 1
github.com/astra-go/astra/discovery/k8s.go:93.3,96.19 1 1
github.com/astra-go/astra/discovery/k8s.go:98.2,98.16 1 2
github.com/astra-go/astra/discovery/k8s.go:98.16,100.3 1 2
github.com/astra-go/astra/discovery/k8s.go:102.2,103.16 2 0
github.com/astra-go/astra/discovery/k8s.go:103.16,105.3 1 0
github.com/astra-go/astra/discovery/k8s.go:107.2,115.15 3 0
github.com/astra-go/astra/discovery/k8s.go:125.86,126.23 1 0
github.com/astra-go/astra/discovery/k8s.go:126.23,128.3 1 0
github.com/astra-go/astra/discovery/k8s.go:130.2,138.16 2 0
github.com/astra-go/astra/discovery/k8s.go:138.16,140.3 1 0
github.com/astra-go/astra/discovery/k8s.go:142.2,157.16 4 0
github.com/astra-go/astra/discovery/k8s.go:157.16,159.3 1 0
github.com/astra-go/astra/discovery/k8s.go:160.2,160.12 1 0
github.com/astra-go/astra/discovery/k8s.go:164.80,165.22 1 0
github.com/astra-go/astra/discovery/k8s.go:165.22,167.3 1 0
github.com/astra-go/astra/discovery/k8s.go:168.2,183.16 4 0
github.com/astra-go/astra/discovery/k8s.go:183.16,185.3 1 0
github.com/astra-go/astra/discovery/k8s.go:186.2,186.12 1 0
github.com/astra-go/astra/discovery/k8s.go:191.101,193.16 2 0
github.com/astra-go/astra/discovery/k8s.go:193.16,195.3 1 0
github.com/astra-go/astra/discovery/k8s.go:196.2,197.25 2 0
github.com/astra-go/astra/discovery/k8s.go:197.25,199.3 1 0
github.com/astra-go/astra/discovery/k8s.go:200.2,200.23 1 0
github.com/astra-go/astra/discovery/k8s.go:205.105,214.2 6 0
github.com/astra-go/astra/discovery/k8s.go:217.37,220.2 2 0
github.com/astra-go/astra/discovery/k8s.go:223.107,224.15 1 0
github.com/astra-go/astra/discovery/k8s.go:224.15,227.30 3 0
github.com/astra-go/astra/discovery/k8s.go:227.30,228.15 1 0
github.com/astra-go/astra/discovery/k8s.go:228.15,230.10 2 0
github.com/astra-go/astra/discovery/k8s.go:233.3,234.12 2 0
github.com/astra-go/astra/discovery/k8s.go:237.2,240.16 2 0
github.com/astra-go/astra/discovery/k8s.go:240.16,242.3 1 0
github.com/astra-go/astra/discovery/k8s.go:243.2,245.6 2 0
github.com/astra-go/astra/discovery/k8s.go:245.6,246.10 1 0
github.com/astra-go/astra/discovery/k8s.go:247.44,248.11 1 0
github.com/astra-go/astra/discovery/k8s.go:248.11,250.5 1 0
github.com/astra-go/astra/discovery/k8s.go:251.4,251.65 1 0
github.com/astra-go/astra/discovery/k8s.go:251.65,252.55 1 0
github.com/astra-go/astra/discovery/k8s.go:252.55,254.13 2 0
github.com/astra-go/astra/discovery/k8s.go:255.27,255.27 0 0
github.com/astra-go/astra/discovery/k8s.go:256.14,256.14 0 0
github.com/astra-go/astra/discovery/k8s.go:260.21,261.10 1 0
github.com/astra-go/astra/discovery/k8s.go:262.23,263.10 1 0
github.com/astra-go/astra/discovery/k8s.go:269.88,271.36 2 0
github.com/astra-go/astra/discovery/k8s.go:271.36,272.41 1 0
github.com/astra-go/astra/discovery/k8s.go:272.41,273.38 1 0
github.com/astra-go/astra/discovery/k8s.go:273.38,275.30 2 0
github.com/astra-go/astra/discovery/k8s.go:275.30,277.6 1 0
github.com/astra-go/astra/discovery/k8s.go:278.5,284.7 1 0
github.com/astra-go/astra/discovery/k8s.go:288.2,288.18 1 0
github.com/astra-go/astra/discovery/nacos.go:77.95,79.19 2 0
github.com/astra-go/astra/discovery/nacos.go:79.19,81.3 1 0
github.com/astra-go/astra/discovery/nacos.go:82.2,82.21 1 0
github.com/astra-go/astra/discovery/nacos.go:82.21,84.3 1 0
github.com/astra-go/astra/discovery/nacos.go:85.2,89.3 1 0
github.com/astra-go/astra/discovery/nacos.go:95.88,96.23 1 0
github.com/astra-go/astra/discovery/nacos.go:96.23,98.3 1 0
github.com/astra-go/astra/discovery/nacos.go:99.2,99.26 1 0
github.com/astra-go/astra/discovery/nacos.go:99.26,101.3 1 0
github.com/astra-go/astra/discovery/nacos.go:102.2,102.27 1 0
github.com/astra-go/astra/discovery/nacos.go:102.27,104.3 1 0
github.com/astra-go/astra/discovery/nacos.go:106.2,107.16 2 0
github.com/astra-go/astra/discovery/nacos.go:107.16,109.3 1 0
github.com/astra-go/astra/discovery/nacos.go:111.2,126.16 5 0
github.com/astra-go/astra/discovery/nacos.go:126.16,128.3 1 0
github.com/astra-go/astra/discovery/nacos.go:129.2,129.9 1 0
github.com/astra-go/astra/discovery/nacos.go:129.9,131.3 1 0
github.com/astra-go/astra/discovery/nacos.go:133.2,136.12 4 0
github.com/astra-go/astra/discovery/nacos.go:140.80,143.8 3 0
github.com/astra-go/astra/discovery/nacos.go:143.8,145.3 1 0
github.com/astra-go/astra/discovery/nacos.go:146.2,147.9 2 0
github.com/astra-go/astra/discovery/nacos.go:147.9,149.3 1 0
github.com/astra-go/astra/discovery/nacos.go:151.2,152.16 2 0
github.com/astra-go/astra/discovery/nacos.go:152.16,154.3 1 0
github.com/astra-go/astra/discovery/nacos.go:156.2,163.16 2 0
github.com/astra-go/astra/discovery/nacos.go:163.16,165.3 1 0
github.com/astra-go/astra/discovery/nacos.go:166.2,166.10 1 0
github.com/astra-go/astra/discovery/nacos.go:166.10,168.3 1 0
github.com/astra-go/astra/discovery/nacos.go:169.2,169.12 1 0
github.com/astra-go/astra/discovery/nacos.go:173.101,179.16 2 0
github.com/astra-go/astra/discovery/nacos.go:179.16,181.3 1 0
github.com/astra-go/astra/discovery/nacos.go:182.2,182.25 1 0
github.com/astra-go/astra/discovery/nacos.go:182.25,184.3 1 0
github.com/astra-go/astra/discovery/nacos.go:185.2,185.61 1 0
github.com/astra-go/astra/discovery/nacos.go:191.107,195.64 2 0
github.com/astra-go/astra/discovery/nacos.go:195.64,197.3 1 0
github.com/astra-go/astra/discovery/nacos.go:200.2,201.56 2 0
github.com/astra-go/astra/discovery/nacos.go:201.56,202.37 1 0
github.com/astra-go/astra/discovery/nacos.go:202.37,204.4 1 0
github.com/astra-go/astra/discovery/nacos.go:205.3,206.10 2 0
github.com/astra-go/astra/discovery/nacos.go:207.22,207.22 0 0
github.com/astra-go/astra/discovery/nacos.go:208.11,208.11 0 0
github.com/astra-go/astra/discovery/nacos.go:212.2,216.17 1 0
github.com/astra-go/astra/discovery/nacos.go:216.17,219.3 2 0
github.com/astra-go/astra/discovery/nacos.go:221.2,221.12 1 0
github.com/astra-go/astra/discovery/nacos.go:221.12,229.3 3 0
github.com/astra-go/astra/discovery/nacos.go:231.2,231.16 1 0
github.com/astra-go/astra/discovery/nacos.go:236.39,236.53 1 0
github.com/astra-go/astra/discovery/nacos.go:240.93,242.26 2 0
github.com/astra-go/astra/discovery/nacos.go:242.26,243.30 1 0
github.com/astra-go/astra/discovery/nacos.go:243.30,244.12 1 0
github.com/astra-go/astra/discovery/nacos.go:246.3,247.15 2 0
github.com/astra-go/astra/discovery/nacos.go:247.15,249.4 1 0
github.com/astra-go/astra/discovery/nacos.go:250.3,251.19 2 0
github.com/astra-go/astra/discovery/nacos.go:251.19,253.4 1 0
github.com/astra-go/astra/discovery/nacos.go:254.3,255.32 2 0
github.com/astra-go/astra/discovery/nacos.go:255.32,256.54 1 0
github.com/astra-go/astra/discovery/nacos.go:256.54,258.5 1 0
github.com/astra-go/astra/discovery/nacos.go:260.3,267.5 1 0
github.com/astra-go/astra/discovery/nacos.go:269.2,269.15 1 0
github.com/astra-go/astra/discovery/nacos.go:272.65,274.16 2 0
github.com/astra-go/astra/discovery/nacos.go:274.16,276.3 1 0
github.com/astra-go/astra/discovery/nacos.go:277.2,278.16 2 0
github.com/astra-go/astra/discovery/nacos.go:278.16,280.3 1 0
github.com/astra-go/astra/discovery/nacos.go:281.2,281.24 1 0
github.com/astra-go/astra/discovery/nacos.go:284.62,286.24 2 0
github.com/astra-go/astra/discovery/nacos.go:286.24,288.3 1 0
github.com/astra-go/astra/discovery/nacos.go:289.2,289.12 1 0
